#
# There is insufficient memory for the Java Runtime Environment to continue.
# Native memory allocation (malloc) failed to allocate 844896 bytes for Chunk::new
# Possible reasons:
#   The system is out of physical RAM or swap space
#   The process is running with CompressedOops enabled, and the Java Heap may be blocking the growth of the native heap
# Possible solutions:
#   Reduce memory load on the system
#   Increase physical memory or swap space
#   Check if swap backing store is full
#   Decrease Java heap size (-Xmx/-Xms)
#   Decrease number of Java threads
#   Decrease Java thread stack sizes (-Xss)
#   Set larger code cache with -XX:ReservedCodeCacheSize=
#   JVM is running with Unscaled Compressed Oops mode in which the Java heap is
#     placed in the first 4GB address space. The Java Heap base address is the
#     maximum limit for the native heap growth. Please use -XX:HeapBaseMinAddress
#     to set the Java Heap base and to place the Java Heap above 4GB virtual address.
# This output file may be truncated or incomplete.
#
#  Out of Memory Error (arena.cpp:189), pid=5888, tid=8888
#
# JRE version: Java(TM) SE Runtime Environment (17.0.2+8) (build 17.0.2+8-LTS-86)
# Java VM: Java HotSpot(TM) 64-Bit Server VM (17.0.2+8-LTS-86, mixed mode, sharing, tiered, compressed oops, compressed class ptrs, g1 gc, windows-amd64)
# No core dump will be written. Minidumps are not enabled by default on client versions of Windows
#

---------------  S U M M A R Y ------------

Command Line: -Dfile.encoding=UTF-8 -XX:+ShowCodeDetailsInExceptionMessages com.iPrimed.VoizFonica.VoizFonicaApplication

Host: Intel(R) Core(TM) i5-8250U CPU @ 1.60GHz, 8 cores, 7G,  Windows 11 , 64 bit Build 22000 (10.0.22000.434)
Time: Mon Mar 28 11:34:46 2022 India Standard Time elapsed time: 0.868673 seconds (0d 0h 0m 0s)

---------------  T H R E A D  ---------------

Current thread (0x000001c3392b1a10):  JavaThread "C2 CompilerThread1" daemon [_thread_in_native, id=8888, stack(0x0000003bbc600000,0x0000003bbc700000)]


Current CompileTask:
C2:    868 1604       4       jdk.internal.org.objectweb.asm.Frame::execute (2305 bytes)

Stack: [0x0000003bbc600000,0x0000003bbc700000]
Native frames: (J=compiled Java code, j=interpreted, Vv=VM code, C=native code)
V  [jvm.dll+0x670baa]
V  [jvm.dll+0x7cfcb4]
V  [jvm.dll+0x7d145e]
V  [jvm.dll+0x7d1ac3]
V  [jvm.dll+0x242bc5]
V  [jvm.dll+0xaa57b]
V  [jvm.dll+0xaab0c]
V  [jvm.dll+0x2a991f]
V  [jvm.dll+0x5792d9]
V  [jvm.dll+0x21de3d]
V  [jvm.dll+0x21e21f]
V  [jvm.dll+0x217ae5]
V  [jvm.dll+0x214fab]
V  [jvm.dll+0x1a1bbd]
V  [jvm.dll+0x224908]
V  [jvm.dll+0x222a6c]
V  [jvm.dll+0x7859bb]
V  [jvm.dll+0x77ff7a]
V  [jvm.dll+0x66fa35]
C  [ucrtbase.dll+0x26c0c]
C  [KERNEL32.DLL+0x154e0]
C  [ntdll.dll+0x485b]


---------------  P R O C E S S  ---------------

Threads class SMR info:
_java_thread_list=0x000001c339d21bd0, length=15, elements={
0x000001c31832d820, 0x000001c338395640, 0x000001c3383964b0, 0x000001c3383aa730,
0x000001c3383aaff0, 0x000001c3383ab9a0, 0x000001c3383ac350, 0x000001c3383b6ac0,
0x000001c3383c24f0, 0x000001c3383c4b00, 0x000001c3390b8c10, 0x000001c3390d15b0,
0x000001c3392b1a10, 0x000001c339ce05b0, 0x000001c339a7a830
}

Java Threads: ( => current thread )
  0x000001c31832d820 JavaThread "main" [_thread_in_vm, id=13088, stack(0x0000003bbb300000,0x0000003bbb400000)]
  0x000001c338395640 JavaThread "Reference Handler" daemon [_thread_blocked, id=5404, stack(0x0000003bbba00000,0x0000003bbbb00000)]
  0x000001c3383964b0 JavaThread "Finalizer" daemon [_thread_blocked, id=6656, stack(0x0000003bbbb00000,0x0000003bbbc00000)]
  0x000001c3383aa730 JavaThread "Signal Dispatcher" daemon [_thread_blocked, id=9712, stack(0x0000003bbbc00000,0x0000003bbbd00000)]
  0x000001c3383aaff0 JavaThread "Attach Listener" daemon [_thread_blocked, id=3492, stack(0x0000003bbbd00000,0x0000003bbbe00000)]
  0x000001c3383ab9a0 JavaThread "Service Thread" daemon [_thread_blocked, id=1056, stack(0x0000003bbbe00000,0x0000003bbbf00000)]
  0x000001c3383ac350 JavaThread "Monitor Deflation Thread" daemon [_thread_blocked, id=9516, stack(0x0000003bbbf00000,0x0000003bbc000000)]
  0x000001c3383b6ac0 JavaThread "C2 CompilerThread0" daemon [_thread_in_native, id=10720, stack(0x0000003bbc000000,0x0000003bbc100000)]
  0x000001c3383c24f0 JavaThread "C1 CompilerThread0" daemon [_thread_blocked, id=5088, stack(0x0000003bbc100000,0x0000003bbc200000)]
  0x000001c3383c4b00 JavaThread "Sweeper thread" daemon [_thread_blocked, id=6156, stack(0x0000003bbc200000,0x0000003bbc300000)]
  0x000001c3390b8c10 JavaThread "Notification Thread" daemon [_thread_blocked, id=5080, stack(0x0000003bbc300000,0x0000003bbc400000)]
  0x000001c3390d15b0 JavaThread "Common-Cleaner" daemon [_thread_blocked, id=4552, stack(0x0000003bbc500000,0x0000003bbc600000)]
=>0x000001c3392b1a10 JavaThread "C2 CompilerThread1" daemon [_thread_in_native, id=8888, stack(0x0000003bbc600000,0x0000003bbc700000)]
  0x000001c339ce05b0 JavaThread "C2 CompilerThread2" daemon [_thread_in_native, id=7336, stack(0x0000003bbc700000,0x0000003bbc800000)]
  0x000001c339a7a830 JavaThread "background-preinit" [_thread_in_Java, id=12348, stack(0x0000003bbce00000,0x0000003bbcf00000)]

Other Threads:
  0x000001c338391a50 VMThread "VM Thread" [stack: 0x0000003bbb900000,0x0000003bbba00000] [id=11892]
  0x000001c3390be140 WatcherThread [stack: 0x0000003bbc400000,0x0000003bbc500000] [id=8940]
  0x000001c31836ba40 GCTaskThread "GC Thread#0" [stack: 0x0000003bbb400000,0x0000003bbb500000] [id=12900]
  0x000001c339b84360 GCTaskThread "GC Thread#1" [stack: 0x0000003bbc800000,0x0000003bbc900000] [id=9912]
  0x000001c339b84610 GCTaskThread "GC Thread#2" [stack: 0x0000003bbc900000,0x0000003bbca00000] [id=10508]
  0x000001c339bea310 GCTaskThread "GC Thread#3" [stack: 0x0000003bbca00000,0x0000003bbcb00000] [id=9340]
  0x000001c3397df0d0 GCTaskThread "GC Thread#4" [stack: 0x0000003bbcb00000,0x0000003bbcc00000] [id=6936]
  0x000001c3397df380 GCTaskThread "GC Thread#5" [stack: 0x0000003bbcc00000,0x0000003bbcd00000] [id=10324]
  0x000001c339c268c0 GCTaskThread "GC Thread#6" [stack: 0x0000003bbcd00000,0x0000003bbce00000] [id=10484]
  0x000001c339efd050 GCTaskThread "GC Thread#7" [stack: 0x0000003bbcf00000,0x0000003bbd000000] [id=9636]
  0x000001c31837d6d0 ConcurrentGCThread "G1 Main Marker" [stack: 0x0000003bbb500000,0x0000003bbb600000] [id=8552]
  0x000001c31837e880 ConcurrentGCThread "G1 Conc#0" [stack: 0x0000003bbb600000,0x0000003bbb700000] [id=2708]
  0x000001c3183e6010 ConcurrentGCThread "G1 Refine#0" [stack: 0x0000003bbb700000,0x0000003bbb800000] [id=6324]
  0x000001c3183e6a30 ConcurrentGCThread "G1 Service" [stack: 0x0000003bbb800000,0x0000003bbb900000] [id=11348]

Threads with active compile tasks:
C2 CompilerThread0      906 1734       4       java.net.URLStreamHandler::setURL (73 bytes)
C2 CompilerThread1      906 1604       4       jdk.internal.org.objectweb.asm.Frame::execute (2305 bytes)
C2 CompilerThread2      906 1638   !   4       java.net.URL::<init> (543 bytes)

VM state: not at safepoint (normal execution)

VM Mutex/Monitor currently owned by a thread: None

Heap address: 0x0000000081600000, size: 2026 MB, Compressed Oops mode: 32-bit

CDS archive(s) mapped at: [0x0000000800000000-0x0000000800bc0000-0x0000000800bc0000), size 12320768, SharedBaseAddress: 0x0000000800000000, ArchiveRelocationMode: 0.
Compressed class space mapped at: 0x0000000800c00000-0x0000000840c00000, reserved size: 1073741824
Narrow klass base: 0x0000000800000000, Narrow klass shift: 0, Narrow klass range: 0x100000000

GC Precious Log:
 CPUs: 8 total, 8 available
 Memory: 8101M
 Large Page Support: Disabled
 NUMA Support: Disabled
 Compressed Oops: Enabled (32-bit)
 Heap Region Size: 1M
 Heap Min Capacity: 8M
 Heap Initial Capacity: 128M
 Heap Max Capacity: 2026M
 Pre-touch: Disabled
 Parallel Workers: 8
 Concurrent Workers: 2
 Concurrent Refinement Workers: 8
 Periodic GC: Disabled

Heap:
 garbage-first heap   total 131072K, used 12399K [0x0000000081600000, 0x0000000100000000)
  region size 1024K, 7 young (7168K), 2 survivors (2048K)
 Metaspace       used 13895K, committed 14144K, reserved 1064960K
  class space    used 1705K, committed 1792K, reserved 1048576K

Heap Regions: E=young(eden), S=young(survivor), O=old, HS=humongous(starts), HC=humongous(continues), CS=collection set, F=free, OA=open archive, CA=closed archive, TAMS=top-at-mark-start (previous, next)
|   0|0x0000000081600000, 0x0000000081700000, 0x0000000081700000|100%|HS|  |TAMS 0x0000000081600000, 0x0000000081600000| Complete 
|   1|0x0000000081700000, 0x0000000081800000, 0x0000000081800000|100%| O|  |TAMS 0x0000000081700000, 0x0000000081700000| Untracked 
|   2|0x0000000081800000, 0x0000000081900000, 0x0000000081900000|100%| O|  |TAMS 0x0000000081800000, 0x0000000081800000| Untracked 
|   3|0x0000000081900000, 0x0000000081a00000, 0x0000000081a00000|100%| O|  |TAMS 0x0000000081900000, 0x0000000081900000| Untracked 
|   4|0x0000000081a00000, 0x0000000081b00000, 0x0000000081b00000|100%| O|  |TAMS 0x0000000081a00000, 0x0000000081a00000| Untracked 
|   5|0x0000000081b00000, 0x0000000081c00000, 0x0000000081c00000|100%| O|  |TAMS 0x0000000081b00000, 0x0000000081b00000| Untracked 
|   6|0x0000000081c00000, 0x0000000081d00000, 0x0000000081d00000|100%| O|  |TAMS 0x0000000081c00000, 0x0000000081c00000| Untracked 
|   7|0x0000000081d00000, 0x0000000081d80000, 0x0000000081e00000| 50%| O|  |TAMS 0x0000000081d00000, 0x0000000081d00000| Untracked 
|   8|0x0000000081e00000, 0x0000000081e00000, 0x0000000081f00000|  0%| F|  |TAMS 0x0000000081e00000, 0x0000000081e00000| Untracked 
|   9|0x0000000081f00000, 0x0000000081f00000, 0x0000000082000000|  0%| F|  |TAMS 0x0000000081f00000, 0x0000000081f00000| Untracked 
|  10|0x0000000082000000, 0x0000000082000000, 0x0000000082100000|  0%| F|  |TAMS 0x0000000082000000, 0x0000000082000000| Untracked 
|  11|0x0000000082100000, 0x0000000082100000, 0x0000000082200000|  0%| F|  |TAMS 0x0000000082100000, 0x0000000082100000| Untracked 
|  12|0x0000000082200000, 0x0000000082200000, 0x0000000082300000|  0%| F|  |TAMS 0x0000000082200000, 0x0000000082200000| Untracked 
|  13|0x0000000082300000, 0x0000000082300000, 0x0000000082400000|  0%| F|  |TAMS 0x0000000082300000, 0x0000000082300000| Untracked 
|  14|0x0000000082400000, 0x0000000082400000, 0x0000000082500000|  0%| F|  |TAMS 0x0000000082400000, 0x0000000082400000| Untracked 
|  15|0x0000000082500000, 0x0000000082500000, 0x0000000082600000|  0%| F|  |TAMS 0x0000000082500000, 0x0000000082500000| Untracked 
|  16|0x0000000082600000, 0x0000000082600000, 0x0000000082700000|  0%| F|  |TAMS 0x0000000082600000, 0x0000000082600000| Untracked 
|  17|0x0000000082700000, 0x0000000082700000, 0x0000000082800000|  0%| F|  |TAMS 0x0000000082700000, 0x0000000082700000| Untracked 
|  18|0x0000000082800000, 0x0000000082800000, 0x0000000082900000|  0%| F|  |TAMS 0x0000000082800000, 0x0000000082800000| Untracked 
|  19|0x0000000082900000, 0x0000000082900000, 0x0000000082a00000|  0%| F|  |TAMS 0x0000000082900000, 0x0000000082900000| Untracked 
|  20|0x0000000082a00000, 0x0000000082a00000, 0x0000000082b00000|  0%| F|  |TAMS 0x0000000082a00000, 0x0000000082a00000| Untracked 
|  21|0x0000000082b00000, 0x0000000082b00000, 0x0000000082c00000|  0%| F|  |TAMS 0x0000000082b00000, 0x0000000082b00000| Untracked 
|  22|0x0000000082c00000, 0x0000000082c00000, 0x0000000082d00000|  0%| F|  |TAMS 0x0000000082c00000, 0x0000000082c00000| Untracked 
|  23|0x0000000082d00000, 0x0000000082d00000, 0x0000000082e00000|  0%| F|  |TAMS 0x0000000082d00000, 0x0000000082d00000| Untracked 
|  24|0x0000000082e00000, 0x0000000082e00000, 0x0000000082f00000|  0%| F|  |TAMS 0x0000000082e00000, 0x0000000082e00000| Untracked 
|  25|0x0000000082f00000, 0x0000000082f00000, 0x0000000083000000|  0%| F|  |TAMS 0x0000000082f00000, 0x0000000082f00000| Untracked 
|  26|0x0000000083000000, 0x0000000083000000, 0x0000000083100000|  0%| F|  |TAMS 0x0000000083000000, 0x0000000083000000| Untracked 
|  27|0x0000000083100000, 0x0000000083100000, 0x0000000083200000|  0%| F|  |TAMS 0x0000000083100000, 0x0000000083100000| Untracked 
|  28|0x0000000083200000, 0x0000000083200000, 0x0000000083300000|  0%| F|  |TAMS 0x0000000083200000, 0x0000000083200000| Untracked 
|  29|0x0000000083300000, 0x0000000083300000, 0x0000000083400000|  0%| F|  |TAMS 0x0000000083300000, 0x0000000083300000| Untracked 
|  30|0x0000000083400000, 0x0000000083400000, 0x0000000083500000|  0%| F|  |TAMS 0x0000000083400000, 0x0000000083400000| Untracked 
|  31|0x0000000083500000, 0x0000000083500000, 0x0000000083600000|  0%| F|  |TAMS 0x0000000083500000, 0x0000000083500000| Untracked 
|  32|0x0000000083600000, 0x0000000083600000, 0x0000000083700000|  0%| F|  |TAMS 0x0000000083600000, 0x0000000083600000| Untracked 
|  33|0x0000000083700000, 0x0000000083700000, 0x0000000083800000|  0%| F|  |TAMS 0x0000000083700000, 0x0000000083700000| Untracked 
|  34|0x0000000083800000, 0x0000000083800000, 0x0000000083900000|  0%| F|  |TAMS 0x0000000083800000, 0x0000000083800000| Untracked 
|  35|0x0000000083900000, 0x0000000083900000, 0x0000000083a00000|  0%| F|  |TAMS 0x0000000083900000, 0x0000000083900000| Untracked 
|  36|0x0000000083a00000, 0x0000000083a00000, 0x0000000083b00000|  0%| F|  |TAMS 0x0000000083a00000, 0x0000000083a00000| Untracked 
|  37|0x0000000083b00000, 0x0000000083b00000, 0x0000000083c00000|  0%| F|  |TAMS 0x0000000083b00000, 0x0000000083b00000| Untracked 
|  38|0x0000000083c00000, 0x0000000083c00000, 0x0000000083d00000|  0%| F|  |TAMS 0x0000000083c00000, 0x0000000083c00000| Untracked 
|  39|0x0000000083d00000, 0x0000000083d00000, 0x0000000083e00000|  0%| F|  |TAMS 0x0000000083d00000, 0x0000000083d00000| Untracked 
|  40|0x0000000083e00000, 0x0000000083e00000, 0x0000000083f00000|  0%| F|  |TAMS 0x0000000083e00000, 0x0000000083e00000| Untracked 
|  41|0x0000000083f00000, 0x0000000083f00000, 0x0000000084000000|  0%| F|  |TAMS 0x0000000083f00000, 0x0000000083f00000| Untracked 
|  42|0x0000000084000000, 0x0000000084000000, 0x0000000084100000|  0%| F|  |TAMS 0x0000000084000000, 0x0000000084000000| Untracked 
|  43|0x0000000084100000, 0x0000000084100000, 0x0000000084200000|  0%| F|  |TAMS 0x0000000084100000, 0x0000000084100000| Untracked 
|  44|0x0000000084200000, 0x0000000084200000, 0x0000000084300000|  0%| F|  |TAMS 0x0000000084200000, 0x0000000084200000| Untracked 
|  45|0x0000000084300000, 0x0000000084300000, 0x0000000084400000|  0%| F|  |TAMS 0x0000000084300000, 0x0000000084300000| Untracked 
|  46|0x0000000084400000, 0x0000000084400000, 0x0000000084500000|  0%| F|  |TAMS 0x0000000084400000, 0x0000000084400000| Untracked 
|  47|0x0000000084500000, 0x0000000084500000, 0x0000000084600000|  0%| F|  |TAMS 0x0000000084500000, 0x0000000084500000| Untracked 
|  48|0x0000000084600000, 0x0000000084600000, 0x0000000084700000|  0%| F|  |TAMS 0x0000000084600000, 0x0000000084600000| Untracked 
|  49|0x0000000084700000, 0x0000000084700000, 0x0000000084800000|  0%| F|  |TAMS 0x0000000084700000, 0x0000000084700000| Untracked 
|  50|0x0000000084800000, 0x0000000084800000, 0x0000000084900000|  0%| F|  |TAMS 0x0000000084800000, 0x0000000084800000| Untracked 
|  51|0x0000000084900000, 0x0000000084900000, 0x0000000084a00000|  0%| F|  |TAMS 0x0000000084900000, 0x0000000084900000| Untracked 
|  52|0x0000000084a00000, 0x0000000084a00000, 0x0000000084b00000|  0%| F|  |TAMS 0x0000000084a00000, 0x0000000084a00000| Untracked 
|  53|0x0000000084b00000, 0x0000000084b00000, 0x0000000084c00000|  0%| F|  |TAMS 0x0000000084b00000, 0x0000000084b00000| Untracked 
|  54|0x0000000084c00000, 0x0000000084c00000, 0x0000000084d00000|  0%| F|  |TAMS 0x0000000084c00000, 0x0000000084c00000| Untracked 
|  55|0x0000000084d00000, 0x0000000084d00000, 0x0000000084e00000|  0%| F|  |TAMS 0x0000000084d00000, 0x0000000084d00000| Untracked 
|  56|0x0000000084e00000, 0x0000000084e00000, 0x0000000084f00000|  0%| F|  |TAMS 0x0000000084e00000, 0x0000000084e00000| Untracked 
|  57|0x0000000084f00000, 0x0000000084f00000, 0x0000000085000000|  0%| F|  |TAMS 0x0000000084f00000, 0x0000000084f00000| Untracked 
|  58|0x0000000085000000, 0x0000000085000000, 0x0000000085100000|  0%| F|  |TAMS 0x0000000085000000, 0x0000000085000000| Untracked 
|  59|0x0000000085100000, 0x0000000085100000, 0x0000000085200000|  0%| F|  |TAMS 0x0000000085100000, 0x0000000085100000| Untracked 
|  60|0x0000000085200000, 0x0000000085200000, 0x0000000085300000|  0%| F|  |TAMS 0x0000000085200000, 0x0000000085200000| Untracked 
|  61|0x0000000085300000, 0x0000000085300000, 0x0000000085400000|  0%| F|  |TAMS 0x0000000085300000, 0x0000000085300000| Untracked 
|  62|0x0000000085400000, 0x0000000085400000, 0x0000000085500000|  0%| F|  |TAMS 0x0000000085400000, 0x0000000085400000| Untracked 
|  63|0x0000000085500000, 0x0000000085500000, 0x0000000085600000|  0%| F|  |TAMS 0x0000000085500000, 0x0000000085500000| Untracked 
|  64|0x0000000085600000, 0x0000000085600000, 0x0000000085700000|  0%| F|  |TAMS 0x0000000085600000, 0x0000000085600000| Untracked 
|  65|0x0000000085700000, 0x0000000085700000, 0x0000000085800000|  0%| F|  |TAMS 0x0000000085700000, 0x0000000085700000| Untracked 
|  66|0x0000000085800000, 0x0000000085800000, 0x0000000085900000|  0%| F|  |TAMS 0x0000000085800000, 0x0000000085800000| Untracked 
|  67|0x0000000085900000, 0x0000000085900000, 0x0000000085a00000|  0%| F|  |TAMS 0x0000000085900000, 0x0000000085900000| Untracked 
|  68|0x0000000085a00000, 0x0000000085a00000, 0x0000000085b00000|  0%| F|  |TAMS 0x0000000085a00000, 0x0000000085a00000| Untracked 
|  69|0x0000000085b00000, 0x0000000085b00000, 0x0000000085c00000|  0%| F|  |TAMS 0x0000000085b00000, 0x0000000085b00000| Untracked 
|  70|0x0000000085c00000, 0x0000000085c00000, 0x0000000085d00000|  0%| F|  |TAMS 0x0000000085c00000, 0x0000000085c00000| Untracked 
|  71|0x0000000085d00000, 0x0000000085d00000, 0x0000000085e00000|  0%| F|  |TAMS 0x0000000085d00000, 0x0000000085d00000| Untracked 
|  72|0x0000000085e00000, 0x0000000085e00000, 0x0000000085f00000|  0%| F|  |TAMS 0x0000000085e00000, 0x0000000085e00000| Untracked 
|  73|0x0000000085f00000, 0x0000000085f00000, 0x0000000086000000|  0%| F|  |TAMS 0x0000000085f00000, 0x0000000085f00000| Untracked 
|  74|0x0000000086000000, 0x0000000086000000, 0x0000000086100000|  0%| F|  |TAMS 0x0000000086000000, 0x0000000086000000| Untracked 
|  75|0x0000000086100000, 0x0000000086100000, 0x0000000086200000|  0%| F|  |TAMS 0x0000000086100000, 0x0000000086100000| Untracked 
|  76|0x0000000086200000, 0x0000000086200000, 0x0000000086300000|  0%| F|  |TAMS 0x0000000086200000, 0x0000000086200000| Untracked 
|  77|0x0000000086300000, 0x0000000086300000, 0x0000000086400000|  0%| F|  |TAMS 0x0000000086300000, 0x0000000086300000| Untracked 
|  78|0x0000000086400000, 0x0000000086400000, 0x0000000086500000|  0%| F|  |TAMS 0x0000000086400000, 0x0000000086400000| Untracked 
|  79|0x0000000086500000, 0x0000000086500000, 0x0000000086600000|  0%| F|  |TAMS 0x0000000086500000, 0x0000000086500000| Untracked 
|  80|0x0000000086600000, 0x0000000086600000, 0x0000000086700000|  0%| F|  |TAMS 0x0000000086600000, 0x0000000086600000| Untracked 
|  81|0x0000000086700000, 0x0000000086700000, 0x0000000086800000|  0%| F|  |TAMS 0x0000000086700000, 0x0000000086700000| Untracked 
|  82|0x0000000086800000, 0x0000000086800000, 0x0000000086900000|  0%| F|  |TAMS 0x0000000086800000, 0x0000000086800000| Untracked 
|  83|0x0000000086900000, 0x0000000086900000, 0x0000000086a00000|  0%| F|  |TAMS 0x0000000086900000, 0x0000000086900000| Untracked 
|  84|0x0000000086a00000, 0x0000000086a00000, 0x0000000086b00000|  0%| F|  |TAMS 0x0000000086a00000, 0x0000000086a00000| Untracked 
|  85|0x0000000086b00000, 0x0000000086b00000, 0x0000000086c00000|  0%| F|  |TAMS 0x0000000086b00000, 0x0000000086b00000| Untracked 
|  86|0x0000000086c00000, 0x0000000086c00000, 0x0000000086d00000|  0%| F|  |TAMS 0x0000000086c00000, 0x0000000086c00000| Untracked 
|  87|0x0000000086d00000, 0x0000000086d00000, 0x0000000086e00000|  0%| F|  |TAMS 0x0000000086d00000, 0x0000000086d00000| Untracked 
|  88|0x0000000086e00000, 0x0000000086e00000, 0x0000000086f00000|  0%| F|  |TAMS 0x0000000086e00000, 0x0000000086e00000| Untracked 
|  89|0x0000000086f00000, 0x0000000086f00000, 0x0000000087000000|  0%| F|  |TAMS 0x0000000086f00000, 0x0000000086f00000| Untracked 
|  90|0x0000000087000000, 0x0000000087000000, 0x0000000087100000|  0%| F|  |TAMS 0x0000000087000000, 0x0000000087000000| Untracked 
|  91|0x0000000087100000, 0x0000000087100000, 0x0000000087200000|  0%| F|  |TAMS 0x0000000087100000, 0x0000000087100000| Untracked 
|  92|0x0000000087200000, 0x0000000087200000, 0x0000000087300000|  0%| F|  |TAMS 0x0000000087200000, 0x0000000087200000| Untracked 
|  93|0x0000000087300000, 0x0000000087300000, 0x0000000087400000|  0%| F|  |TAMS 0x0000000087300000, 0x0000000087300000| Untracked 
|  94|0x0000000087400000, 0x0000000087400000, 0x0000000087500000|  0%| F|  |TAMS 0x0000000087400000, 0x0000000087400000| Untracked 
|  95|0x0000000087500000, 0x0000000087500000, 0x0000000087600000|  0%| F|  |TAMS 0x0000000087500000, 0x0000000087500000| Untracked 
|  96|0x0000000087600000, 0x0000000087600000, 0x0000000087700000|  0%| F|  |TAMS 0x0000000087600000, 0x0000000087600000| Untracked 
|  97|0x0000000087700000, 0x0000000087700000, 0x0000000087800000|  0%| F|  |TAMS 0x0000000087700000, 0x0000000087700000| Untracked 
|  98|0x0000000087800000, 0x0000000087800000, 0x0000000087900000|  0%| F|  |TAMS 0x0000000087800000, 0x0000000087800000| Untracked 
|  99|0x0000000087900000, 0x0000000087900000, 0x0000000087a00000|  0%| F|  |TAMS 0x0000000087900000, 0x0000000087900000| Untracked 
| 100|0x0000000087a00000, 0x0000000087a9bd18, 0x0000000087b00000| 60%| S|CS|TAMS 0x0000000087a00000, 0x0000000087a00000| Complete 
| 101|0x0000000087b00000, 0x0000000087c00000, 0x0000000087c00000|100%| S|CS|TAMS 0x0000000087b00000, 0x0000000087b00000| Complete 
| 102|0x0000000087c00000, 0x0000000087c00000, 0x0000000087d00000|  0%| F|  |TAMS 0x0000000087c00000, 0x0000000087c00000| Untracked 
| 103|0x0000000087d00000, 0x0000000087d00000, 0x0000000087e00000|  0%| F|  |TAMS 0x0000000087d00000, 0x0000000087d00000| Untracked 
| 104|0x0000000087e00000, 0x0000000087e00000, 0x0000000087f00000|  0%| F|  |TAMS 0x0000000087e00000, 0x0000000087e00000| Untracked 
| 105|0x0000000087f00000, 0x0000000087f00000, 0x0000000088000000|  0%| F|  |TAMS 0x0000000087f00000, 0x0000000087f00000| Untracked 
| 106|0x0000000088000000, 0x0000000088000000, 0x0000000088100000|  0%| F|  |TAMS 0x0000000088000000, 0x0000000088000000| Untracked 
| 107|0x0000000088100000, 0x0000000088100000, 0x0000000088200000|  0%| F|  |TAMS 0x0000000088100000, 0x0000000088100000| Untracked 
| 108|0x0000000088200000, 0x0000000088200000, 0x0000000088300000|  0%| F|  |TAMS 0x0000000088200000, 0x0000000088200000| Untracked 
| 109|0x0000000088300000, 0x0000000088300000, 0x0000000088400000|  0%| F|  |TAMS 0x0000000088300000, 0x0000000088300000| Untracked 
| 110|0x0000000088400000, 0x0000000088400000, 0x0000000088500000|  0%| F|  |TAMS 0x0000000088400000, 0x0000000088400000| Untracked 
| 111|0x0000000088500000, 0x0000000088500000, 0x0000000088600000|  0%| F|  |TAMS 0x0000000088500000, 0x0000000088500000| Untracked 
| 112|0x0000000088600000, 0x0000000088600000, 0x0000000088700000|  0%| F|  |TAMS 0x0000000088600000, 0x0000000088600000| Untracked 
| 113|0x0000000088700000, 0x0000000088700000, 0x0000000088800000|  0%| F|  |TAMS 0x0000000088700000, 0x0000000088700000| Untracked 
| 114|0x0000000088800000, 0x0000000088800000, 0x0000000088900000|  0%| F|  |TAMS 0x0000000088800000, 0x0000000088800000| Untracked 
| 115|0x0000000088900000, 0x0000000088900000, 0x0000000088a00000|  0%| F|  |TAMS 0x0000000088900000, 0x0000000088900000| Untracked 
| 116|0x0000000088a00000, 0x0000000088a00000, 0x0000000088b00000|  0%| F|  |TAMS 0x0000000088a00000, 0x0000000088a00000| Untracked 
| 117|0x0000000088b00000, 0x0000000088b00000, 0x0000000088c00000|  0%| F|  |TAMS 0x0000000088b00000, 0x0000000088b00000| Untracked 
| 118|0x0000000088c00000, 0x0000000088c00000, 0x0000000088d00000|  0%| F|  |TAMS 0x0000000088c00000, 0x0000000088c00000| Untracked 
| 119|0x0000000088d00000, 0x0000000088d00000, 0x0000000088e00000|  0%| F|  |TAMS 0x0000000088d00000, 0x0000000088d00000| Untracked 
| 120|0x0000000088e00000, 0x0000000088e00000, 0x0000000088f00000|  0%| F|  |TAMS 0x0000000088e00000, 0x0000000088e00000| Untracked 
| 121|0x0000000088f00000, 0x0000000088f00000, 0x0000000089000000|  0%| F|  |TAMS 0x0000000088f00000, 0x0000000088f00000| Untracked 
| 122|0x0000000089000000, 0x0000000089000000, 0x0000000089100000|  0%| F|  |TAMS 0x0000000089000000, 0x0000000089000000| Untracked 
| 123|0x0000000089100000, 0x0000000089200000, 0x0000000089200000|100%| E|  |TAMS 0x0000000089100000, 0x0000000089100000| Complete 
| 124|0x0000000089200000, 0x0000000089300000, 0x0000000089300000|100%| E|CS|TAMS 0x0000000089200000, 0x0000000089200000| Complete 
| 125|0x0000000089300000, 0x0000000089400000, 0x0000000089400000|100%| E|  |TAMS 0x0000000089300000, 0x0000000089300000| Complete 
| 126|0x0000000089400000, 0x0000000089500000, 0x0000000089500000|100%| E|CS|TAMS 0x0000000089400000, 0x0000000089400000| Complete 
| 127|0x0000000089500000, 0x0000000089600000, 0x0000000089600000|100%| E|CS|TAMS 0x0000000089500000, 0x0000000089500000| Complete 

Card table byte_map: [0x000001c3311c0000,0x000001c3315c0000] _byte_map_base: 0x000001c330db5000

Marking Bits (Prev, Next): (CMBitMap*) 0x000001c31836d060, (CMBitMap*) 0x000001c31836d0a0
 Prev Bits: [0x000001c3319c0000, 0x000001c333968000)
 Next Bits: [0x000001c333970000, 0x000001c335918000)

Polling page: 0x000001c3183f0000

Metaspace:

Usage:
  Non-class:     11.96 MB used.
      Class:      1.67 MB used.
       Both:     13.63 MB used.

Virtual space:
  Non-class space:       16.00 MB reserved,      12.12 MB ( 76%) committed,  2 nodes.
      Class space:        1.00 GB reserved,       1.75 MB ( <1%) committed,  1 nodes.
             Both:        1.02 GB reserved,      13.88 MB (  1%) committed. 

Chunk freelists:
   Non-Class:  3.61 MB
       Class:  2.07 MB
        Both:  5.67 MB

MaxMetaspaceSize: unlimited
CompressedClassSpaceSize: 1.00 GB
Initial GC threshold: 21.00 MB
Current GC threshold: 21.00 MB
CDS: on
MetaspaceReclaimPolicy: balanced
 - commit_granule_bytes: 65536.
 - commit_granule_words: 8192.
 - virtual_space_node_default_size: 1048576.
 - enlarge_chunks_in_place: 1.
 - new_chunks_are_fully_committed: 0.
 - uncommit_free_chunks: 1.
 - use_allocation_guard: 0.
 - handle_deallocations: 1.


Internal statistics:

num_allocs_failed_limit: 0.
num_arena_births: 144.
num_arena_deaths: 0.
num_vsnodes_births: 3.
num_vsnodes_deaths: 0.
num_space_committed: 222.
num_space_uncommitted: 0.
num_chunks_returned_to_freelist: 0.
num_chunks_taken_from_freelist: 579.
num_chunk_merges: 0.
num_chunk_splits: 401.
num_chunks_enlarged: 326.
num_purges: 0.
num_inconsistent_stats: 0.

CodeHeap 'non-profiled nmethods': size=120000Kb used=652Kb max_used=652Kb free=119347Kb
 bounds [0x000001c328e10000, 0x000001c329080000, 0x000001c330340000]
CodeHeap 'profiled nmethods': size=120000Kb used=3200Kb max_used=3200Kb free=116799Kb
 bounds [0x000001c3218e0000, 0x000001c321c10000, 0x000001c328e10000]
CodeHeap 'non-nmethods': size=5760Kb used=1170Kb max_used=1209Kb free=4589Kb
 bounds [0x000001c321340000, 0x000001c3215b0000, 0x000001c3218e0000]
 total_blobs=2190 nmethods=1732 adapters=370
 compilation: enabled
              stopped_count=0, restarted_count=0
 full_count=0

Compilation events (20 events):
Event: 0.836 Thread 0x000001c3383c24f0 1661       3       java.util.zip.ZipUtils::get16 (21 bytes)
Event: 0.837 Thread 0x000001c3383c24f0 nmethod 1661 0x000001c321bcec90 code [0x000001c321bcee20, 0x000001c321bcef78]
Event: 0.843 Thread 0x000001c3383c24f0 1662       3       java.lang.Module::allows (60 bytes)
Event: 0.844 Thread 0x000001c3383c24f0 nmethod 1662 0x000001c321bcf090 code [0x000001c321bcf280, 0x000001c321bcf8c8]
Event: 0.844 Thread 0x000001c3383c24f0 1663       3       java.lang.invoke.DirectMethodHandle::preparedLambdaForm (244 bytes)
Event: 0.845 Thread 0x000001c3383c24f0 nmethod 1663 0x000001c321bcfa10 code [0x000001c321bcfd00, 0x000001c321bd0c78]
Event: 0.846 Thread 0x000001c3383b6ac0 1664       4       java.util.LinkedHashMap::get (29 bytes)
Event: 0.846 Thread 0x000001c3383c24f0 1665       3       java.util.concurrent.ConcurrentHashMap::addCount (280 bytes)
Event: 0.847 Thread 0x000001c3383c24f0 nmethod 1665 0x000001c321bd1290 code [0x000001c321bd14e0, 0x000001c321bd1e98]
Event: 0.849 Thread 0x000001c3383c24f0 1666       3       java.lang.PublicMethods$Key::hashCode (19 bytes)
Event: 0.850 Thread 0x000001c3383c24f0 nmethod 1666 0x000001c321bd2190 code [0x000001c321bd2340, 0x000001c321bd24d8]
Event: 0.851 Thread 0x000001c3383b6ac0 nmethod 1664 0x000001c328eadb10 code [0x000001c328eadcc0, 0x000001c328eae098]
Event: 0.854 Thread 0x000001c3383b6ac0 1667   !   4       java.util.zip.Inflater::inflate (418 bytes)
Event: 0.860 Thread 0x000001c3383c24f0 1668       3       java.lang.ref.ReferenceQueue::reallyPoll (65 bytes)
Event: 0.861 Thread 0x000001c3383c24f0 nmethod 1668 0x000001c321bd2590 code [0x000001c321bd2760, 0x000001c321bd2c98]
Event: 0.861 Thread 0x000001c3383c24f0 1669   !   3       java.lang.ref.ReferenceQueue::remove (125 bytes)
Event: 0.861 Thread 0x000001c3383c24f0 nmethod 1669 0x000001c321bd2d90 code [0x000001c321bd2fa0, 0x000001c321bd3738]
Event: 0.861 Thread 0x000001c3383c24f0 1671   !   3       java.util.concurrent.ConcurrentHashMap::replaceNode (437 bytes)
Event: 0.863 Thread 0x000001c3383c24f0 nmethod 1671 0x000001c321bd3a90 code [0x000001c321bd3de0, 0x000001c321bd56b8]
Event: 0.863 Thread 0x000001c3383c24f0 1672       3       java.lang.invoke.MemberName::<init> (139 bytes)

GC Heap History (4 events):
Event: 0.526 GC heap before
{Heap before GC invocations=0 (full 0):
 garbage-first heap   total 131072K, used 23552K [0x0000000081600000, 0x0000000100000000)
  region size 1024K, 23 young (23552K), 0 survivors (0K)
 Metaspace       used 5923K, committed 6016K, reserved 1056768K
  class space    used 721K, committed 768K, reserved 1048576K
}
Event: 0.530 GC heap after
{Heap after GC invocations=1 (full 0):
 garbage-first heap   total 131072K, used 7555K [0x0000000081600000, 0x0000000100000000)
  region size 1024K, 3 young (3072K), 3 survivors (3072K)
 Metaspace       used 5923K, committed 6016K, reserved 1056768K
  class space    used 721K, committed 768K, reserved 1048576K
}
Event: 0.854 GC heap before
{Heap before GC invocations=1 (full 0):
 garbage-first heap   total 131072K, used 31107K [0x0000000081600000, 0x0000000100000000)
  region size 1024K, 26 young (26624K), 3 survivors (3072K)
 Metaspace       used 12629K, committed 12864K, reserved 1064960K
  class space    used 1592K, committed 1728K, reserved 1048576K
}
Event: 0.860 GC heap after
{Heap after GC invocations=2 (full 0):
 garbage-first heap   total 131072K, used 9327K [0x0000000081600000, 0x0000000100000000)
  region size 1024K, 2 young (2048K), 2 survivors (2048K)
 Metaspace       used 12629K, committed 12864K, reserved 1064960K
  class space    used 1592K, committed 1728K, reserved 1048576K
}

Deoptimization events (20 events):
Event: 0.771 Thread 0x000001c31832d820 Uncommon trap: trap_request=0xffffff45 fr.pc=0x000001c328e77794 relative=0x00000000000002f4
Event: 0.771 Thread 0x000001c31832d820 Uncommon trap: reason=unstable_if action=reinterpret pc=0x000001c328e77794 method=jdk.internal.org.objectweb.asm.SymbolTable.put(Ljdk/internal/org/objectweb/asm/SymbolTable$Entry;)Ljdk/internal/org/objectweb/asm/SymbolTable$Entry; @ 13 c2
Event: 0.771 Thread 0x000001c31832d820 DEOPT PACKING pc=0x000001c328e77794 sp=0x0000003bbb3fd480
Event: 0.771 Thread 0x000001c31832d820 DEOPT UNPACKING pc=0x000001c3213923a3 sp=0x0000003bbb3fd400 mode 2
Event: 0.838 Thread 0x000001c339a7a830 Uncommon trap: trap_request=0xffffff45 fr.pc=0x000001c328ea2154 relative=0x0000000000001474
Event: 0.838 Thread 0x000001c339a7a830 Uncommon trap: reason=unstable_if action=reinterpret pc=0x000001c328ea2154 method=java.util.concurrent.ConcurrentHashMap.transfer([Ljava/util/concurrent/ConcurrentHashMap$Node;[Ljava/util/concurrent/ConcurrentHashMap$Node;)V @ 34 c2
Event: 0.838 Thread 0x000001c339a7a830 DEOPT PACKING pc=0x000001c328ea2154 sp=0x0000003bbcef9360
Event: 0.838 Thread 0x000001c339a7a830 DEOPT UNPACKING pc=0x000001c3213923a3 sp=0x0000003bbcef9310 mode 2
Event: 0.838 Thread 0x000001c31832d820 Uncommon trap: trap_request=0xffffff45 fr.pc=0x000001c328ea2258 relative=0x0000000000001578
Event: 0.838 Thread 0x000001c31832d820 Uncommon trap: reason=unstable_if action=reinterpret pc=0x000001c328ea2258 method=java.util.concurrent.ConcurrentHashMap.transfer([Ljava/util/concurrent/ConcurrentHashMap$Node;[Ljava/util/concurrent/ConcurrentHashMap$Node;)V @ 273 c2
Event: 0.838 Thread 0x000001c31832d820 DEOPT PACKING pc=0x000001c328ea2258 sp=0x0000003bbb3fd8e0
Event: 0.838 Thread 0x000001c31832d820 DEOPT UNPACKING pc=0x000001c3213923a3 sp=0x0000003bbb3fd870 mode 2
Event: 0.838 Thread 0x000001c31832d820 Uncommon trap: trap_request=0xffffff45 fr.pc=0x000001c328e8a9fc relative=0x00000000000001bc
Event: 0.838 Thread 0x000001c31832d820 Uncommon trap: reason=unstable_if action=reinterpret pc=0x000001c328e8a9fc method=java.util.concurrent.ConcurrentHashMap.addCount(JI)V @ 171 c2
Event: 0.838 Thread 0x000001c31832d820 DEOPT PACKING pc=0x000001c328e8a9fc sp=0x0000003bbb3fd9e0
Event: 0.838 Thread 0x000001c31832d820 DEOPT UNPACKING pc=0x000001c3213923a3 sp=0x0000003bbb3fd920 mode 2
Event: 0.850 Thread 0x000001c31832d820 Uncommon trap: trap_request=0xffffffc6 fr.pc=0x000001c328e56350 relative=0x00000000000002f0
Event: 0.850 Thread 0x000001c31832d820 Uncommon trap: reason=bimorphic_or_optimized_type_check action=maybe_recompile pc=0x000001c328e56350 method=java.util.HashMap.getNode(Ljava/lang/Object;)Ljava/util/HashMap$Node; @ 63 c2
Event: 0.850 Thread 0x000001c31832d820 DEOPT PACKING pc=0x000001c328e56350 sp=0x0000003bbb3fe270
Event: 0.850 Thread 0x000001c31832d820 DEOPT UNPACKING pc=0x000001c3213923a3 sp=0x0000003bbb3fe1d8 mode 2

Classes unloaded (0 events):
No events

Classes redefined (0 events):
No events

Internal exceptions (20 events):
Event: 0.495 Thread 0x000001c31832d820 Exception <a 'java/lang/NoSuchMethodError'{0x00000000880ba3e8}: 'java.lang.Object java.lang.invoke.DirectMethodHandle$Holder.invokeSpecial(java.lang.Object, java.lang.Object, java.lang.Object, java.lang.Object, java.lang.Object, java.lang.Object, java.lang.Object, int)'> (0x00000000880ba3e8) 
thrown [t:\workspace\open\src\hotspot\share\interpreter\linkResolver.cpp, line 766]
Event: 0.522 Thread 0x000001c31832d820 Exception <a 'java/lang/NoSuchMethodError'{0x0000000087fcead0}: 'int java.lang.invoke.DirectMethodHandle$Holder.invokeInterface(java.lang.Object, java.lang.Object)'> (0x0000000087fcead0) 
thrown [t:\workspace\open\src\hotspot\share\interpreter\linkResolver.cpp, line 766]
Event: 0.552 Thread 0x000001c31832d820 Exception <a 'java/lang/NoSuchMethodError'{0x00000000895fd668}: 'java.lang.Object java.lang.invoke.DirectMethodHandle$Holder.invokeSpecial(java.lang.Object, java.lang.Object, java.lang.Object, int, java.lang.Object)'> (0x00000000895fd668) 
thrown [t:\workspace\open\src\hotspot\share\interpreter\linkResolver.cpp, line 766]
Event: 0.552 Thread 0x000001c31832d820 Exception <a 'java/lang/NoSuchMethodError'{0x0000000089406158}: 'java.lang.Object java.lang.invoke.DirectMethodHandle$Holder.newInvokeSpecial(java.lang.Object, java.lang.Object, java.lang.Object, int, java.lang.Object)'> (0x0000000089406158) 
thrown [t:\workspace\open\src\hotspot\share\interpreter\linkResolver.cpp, line 766]
Event: 0.553 Thread 0x000001c31832d820 Exception <a 'java/lang/NoSuchMethodError'{0x000000008940db58}: 'java.lang.Object java.lang.invoke.Invokers$Holder.linkToTargetMethod(java.lang.Object, java.lang.Object, int, java.lang.Object, java.lang.Object)'> (0x000000008940db58) 
thrown [t:\workspace\open\src\hotspot\share\interpreter\linkResolver.cpp, line 766]
Event: 0.554 Thread 0x000001c31832d820 Exception <a 'java/lang/NoSuchMethodError'{0x000000008941cc88}: 'java.lang.Object java.lang.invoke.DirectMethodHandle$Holder.newInvokeSpecial(java.lang.Object, int, java.lang.Object)'> (0x000000008941cc88) 
thrown [t:\workspace\open\src\hotspot\share\interpreter\linkResolver.cpp, line 766]
Event: 0.554 Thread 0x000001c31832d820 Exception <a 'java/lang/NoSuchMethodError'{0x0000000089421a70}: 'int java.lang.invoke.DirectMethodHandle$Holder.invokeSpecialIFC(java.lang.Object, java.lang.Object, java.lang.Object, java.lang.Object)'> (0x0000000089421a70) 
thrown [t:\workspace\open\src\hotspot\share\interpreter\linkResolver.cpp, line 766]
Event: 0.570 Thread 0x000001c31832d820 Exception <a 'java/lang/NoSuchMethodError'{0x00000000894ef5c0}: 'java.lang.Object java.lang.invoke.DirectMethodHandle$Holder.invokeInterface(java.lang.Object, java.lang.Object)'> (0x00000000894ef5c0) 
thrown [t:\workspace\open\src\hotspot\share\interpreter\linkResolver.cpp, line 766]
Event: 0.572 Thread 0x000001c31832d820 Exception <a 'java/lang/NoSuchMethodError'{0x0000000089300e98}: 'void java.lang.invoke.DirectMethodHandle$Holder.invokeInterface(java.lang.Object, java.lang.Object, java.lang.Object)'> (0x0000000089300e98) 
thrown [t:\workspace\open\src\hotspot\share\interpreter\linkResolver.cpp, line 766]
Event: 0.585 Thread 0x000001c31832d820 Exception <a 'java/lang/NoSuchMethodError'{0x000000008936bab0}: 'void java.lang.invoke.DirectMethodHandle$Holder.invokeStatic(java.lang.Object, java.lang.Object)'> (0x000000008936bab0) 
thrown [t:\workspace\open\src\hotspot\share\interpreter\linkResolver.cpp, line 766]
Event: 0.586 Thread 0x000001c31832d820 Exception <a 'java/lang/NoSuchMethodError'{0x000000008936f2b0}: 'void java.lang.invoke.DirectMethodHandle$Holder.invokeStaticInit(java.lang.Object, java.lang.Object)'> (0x000000008936f2b0) 
thrown [t:\workspace\open\src\hotspot\share\interpreter\linkResolver.cpp, line 766]
Event: 0.587 Thread 0x000001c31832d820 Exception <a 'java/lang/NoSuchMethodError'{0x000000008937b438}: 'void java.lang.invoke.DirectMethodHandle$Holder.invokeStaticInit(java.lang.Object, java.lang.Object, java.lang.Object)'> (0x000000008937b438) 
thrown [t:\workspace\open\src\hotspot\share\interpreter\linkResolver.cpp, line 766]
Event: 0.622 Thread 0x000001c31832d820 Exception <a 'java/lang/NoSuchMethodError'{0x0000000089214750}: 'void java.lang.invoke.DirectMethodHandle$Holder.invokeVirtual(java.lang.Object, java.lang.Object, java.lang.Object, java.lang.Object)'> (0x0000000089214750) 
thrown [t:\workspace\open\src\hotspot\share\interpreter\linkResolver.cpp, line 766]
Event: 0.648 Thread 0x000001c31832d820 Exception <a 'java/lang/NoSuchMethodError'{0x0000000089142be0}: 'void java.lang.invoke.DirectMethodHandle$Holder.invokeSpecial(java.lang.Object, java.lang.Object, java.lang.Object)'> (0x0000000089142be0) 
thrown [t:\workspace\open\src\hotspot\share\interpreter\linkResolver.cpp, line 766]
Event: 0.648 Thread 0x000001c31832d820 Exception <a 'java/lang/NoSuchMethodError'{0x0000000089149280}: 'void java.lang.invoke.DirectMethodHandle$Holder.invokeSpecial(java.lang.Object, java.lang.Object, java.lang.Object, java.lang.Object, java.lang.Object)'> (0x0000000089149280) 
thrown [t:\workspace\open\src\hotspot\share\interpreter\linkResolver.cpp, line 766]
Event: 0.738 Thread 0x000001c31832d820 Exception <a 'java/lang/NoSuchMethodError'{0x0000000088a78c78}: 'org.slf4j.impl.StaticMDCBinder org.slf4j.impl.StaticMDCBinder.getSingleton()'> (0x0000000088a78c78) 
thrown [t:\workspace\open\src\hotspot\share\interpreter\linkResolver.cpp, line 766]
Event: 0.804 Thread 0x000001c339a7a830 Exception <a 'java/lang/NoSuchMethodError'{0x00000000884a8a80}: 'java.lang.Object java.lang.invoke.DirectMethodHandle$Holder.invokeStaticInit(java.lang.Object, java.lang.Object, java.lang.Object)'> (0x00000000884a8a80) 
thrown [t:\workspace\open\src\hotspot\share\interpreter\linkResolver.cpp, line 766]
Event: 0.805 Thread 0x000001c339a7a830 Exception <a 'java/lang/NoSuchMethodError'{0x00000000884ae970}: 'java.lang.Object java.lang.invoke.DirectMethodHandle$Holder.invokeStaticInit(java.lang.Object, java.lang.Object, java.lang.Object, java.lang.Object, java.lang.Object)'> (0x00000000884ae970) 
thrown [t:\workspace\open\src\hotspot\share\interpreter\linkResolver.cpp, line 766]
Event: 0.852 Thread 0x000001c31832d820 Exception <a 'java/lang/ClassNotFoundException'{0x0000000087f72a60}: java/lang/ObjectCustomizer> (0x0000000087f72a60) 
thrown [t:\workspace\open\src\hotspot\share\classfile\systemDictionary.cpp, line 256]
Event: 0.861 Thread 0x000001c31832d820 Exception <a 'java/lang/IncompatibleClassChangeError'{0x0000000089503ed0}: Found class java.lang.Object, but interface was expected> (0x0000000089503ed0) 
thrown [t:\workspace\open\src\hotspot\share\interpreter\linkResolver.cpp, line 833]

VM Operations (18 events):
Event: 0.088 Executing VM operation: HandshakeAllThreads
Event: 0.088 Executing VM operation: HandshakeAllThreads done
Event: 0.240 Executing VM operation: HandshakeAllThreads
Event: 0.240 Executing VM operation: HandshakeAllThreads done
Event: 0.255 Executing VM operation: HandshakeAllThreads
Event: 0.255 Executing VM operation: HandshakeAllThreads done
Event: 0.376 Executing VM operation: HandshakeAllThreads
Event: 0.376 Executing VM operation: HandshakeAllThreads done
Event: 0.525 Executing VM operation: ICBufferFull
Event: 0.525 Executing VM operation: ICBufferFull done
Event: 0.526 Executing VM operation: G1CollectForAllocation
Event: 0.530 Executing VM operation: G1CollectForAllocation done
Event: 0.535 Executing VM operation: HandshakeAllThreads
Event: 0.535 Executing VM operation: HandshakeAllThreads done
Event: 0.729 Executing VM operation: HandshakeAllThreads
Event: 0.729 Executing VM operation: HandshakeAllThreads done
Event: 0.854 Executing VM operation: G1CollectForAllocation
Event: 0.860 Executing VM operation: G1CollectForAllocation done

Events (20 events):
Event: 0.854 loading class com/sun/beans/introspect/MethodInfo$MethodOrder done
Event: 0.854 loading class java/beans/MethodDescriptor
Event: 0.854 loading class java/beans/MethodDescriptor done
Event: 0.854 loading class java/beans/MethodRef
Event: 0.854 loading class java/beans/MethodRef done
Event: 0.854 loading class com/sun/beans/TypeResolver
Event: 0.854 loading class com/sun/beans/TypeResolver done
Event: 0.860 loading class com/sun/beans/WeakCache
Event: 0.860 loading class com/sun/beans/WeakCache done
Event: 0.860 loading class sun/reflect/generics/scope/MethodScope
Event: 0.860 loading class sun/reflect/generics/scope/MethodScope done
Event: 0.860 loading class sun/reflect/generics/repository/MethodRepository
Event: 0.861 loading class sun/reflect/generics/repository/MethodRepository done
Event: 0.863 loading class com/sun/beans/introspect/EventSetInfo
Event: 0.863 loading class com/sun/beans/introspect/EventSetInfo done
Event: 0.863 loading class com/sun/beans/introspect/PropertyInfo
Event: 0.863 loading class com/sun/beans/introspect/PropertyInfo done
Event: 0.863 loading class java/beans/PropertyVetoException
Event: 0.863 loading class java/beans/PropertyVetoException done
Event: 0.863 loading class com/sun/beans/WildcardTypeImpl


Dynamic libraries:
0x00007ff731ce0000 - 0x00007ff731cf0000 	C:\Program Files\Java\jdk-17.0.2\bin\javaw.exe
0x00007ffa4ebe0000 - 0x00007ffa4ede9000 	C:\WINDOWS\SYSTEM32\ntdll.dll
0x00007ffa4d420000 - 0x00007ffa4d4dd000 	C:\WINDOWS\System32\KERNEL32.DLL
0x00007ffa4c0a0000 - 0x00007ffa4c414000 	C:\WINDOWS\System32\KERNELBASE.dll
0x00007ffa485e0000 - 0x00007ffa48671000 	C:\WINDOWS\SYSTEM32\apphelp.dll
0x00007ffa4c930000 - 0x00007ffa4ca41000 	C:\WINDOWS\System32\ucrtbase.dll
0x00007ffa45370000 - 0x00007ffa4538a000 	C:\Program Files\Java\jdk-17.0.2\bin\VCRUNTIME140.dll
0x00007ffa45390000 - 0x00007ffa453a8000 	C:\Program Files\Java\jdk-17.0.2\bin\jli.dll
0x00007ffa4d4f0000 - 0x00007ffa4d59e000 	C:\WINDOWS\System32\ADVAPI32.dll
0x00007ffa4dc40000 - 0x00007ffa4dce3000 	C:\WINDOWS\System32\msvcrt.dll
0x00007ffa4ead0000 - 0x00007ffa4eb6e000 	C:\WINDOWS\System32\sechost.dll
0x00007ffa4e9b0000 - 0x00007ffa4ead0000 	C:\WINDOWS\System32\RPCRT4.dll
0x00007ffa4ca50000 - 0x00007ffa4cbfc000 	C:\WINDOWS\System32\USER32.dll
0x00007ffa4c610000 - 0x00007ffa4c636000 	C:\WINDOWS\System32\win32u.dll
0x00007ffa30e90000 - 0x00007ffa31135000 	C:\WINDOWS\WinSxS\amd64_microsoft.windows.common-controls_6595b64144ccf1df_6.0.22000.120_none_9d947278b86cc467\COMCTL32.dll
0x00007ffa4d690000 - 0x00007ffa4d6b9000 	C:\WINDOWS\System32\GDI32.dll
0x00007ffa4c640000 - 0x00007ffa4c752000 	C:\WINDOWS\System32\gdi32full.dll
0x00007ffa4c890000 - 0x00007ffa4c92d000 	C:\WINDOWS\System32\msvcp_win.dll
0x00007ffa466d0000 - 0x00007ffa466da000 	C:\WINDOWS\SYSTEM32\VERSION.dll
0x00007ffa4d5a0000 - 0x00007ffa4d5d1000 	C:\WINDOWS\System32\IMM32.DLL
0x00007ffa480d0000 - 0x00007ffa480dc000 	C:\Program Files\Java\jdk-17.0.2\bin\vcruntime140_1.dll
0x00007ffa2cc90000 - 0x00007ffa2cd1d000 	C:\Program Files\Java\jdk-17.0.2\bin\msvcp140.dll
0x00007ff9deeb0000 - 0x00007ff9dfa71000 	C:\Program Files\Java\jdk-17.0.2\bin\server\jvm.dll
0x00007ffa4d950000 - 0x00007ffa4d958000 	C:\WINDOWS\System32\PSAPI.DLL
0x00007ffa47c20000 - 0x00007ffa47c53000 	C:\WINDOWS\SYSTEM32\WINMM.dll
0x00007ffa3c270000 - 0x00007ffa3c279000 	C:\WINDOWS\SYSTEM32\WSOCK32.dll
0x00007ffa4cc00000 - 0x00007ffa4cc6f000 	C:\WINDOWS\System32\WS2_32.dll
0x00007ffa4b1a0000 - 0x00007ffa4b1b8000 	C:\WINDOWS\SYSTEM32\kernel.appcore.dll
0x00007ffa46710000 - 0x00007ffa4671a000 	C:\Program Files\Java\jdk-17.0.2\bin\jimage.dll
0x00007ffa49ee0000 - 0x00007ffa4a101000 	C:\WINDOWS\SYSTEM32\DBGHELP.DLL
0x00007ffa32f40000 - 0x00007ffa32f71000 	C:\WINDOWS\SYSTEM32\dbgcore.DLL
0x00007ffa4c590000 - 0x00007ffa4c60f000 	C:\WINDOWS\System32\bcryptPrimitives.dll
0x00007ffa33920000 - 0x00007ffa33945000 	C:\Program Files\Java\jdk-17.0.2\bin\java.dll
0x00007ffa29d70000 - 0x00007ffa29e46000 	C:\Program Files\Java\jdk-17.0.2\bin\jsvml.dll
0x00007ffa4cc70000 - 0x00007ffa4d41e000 	C:\WINDOWS\System32\SHELL32.dll
0x00007ffa4a110000 - 0x00007ffa4a978000 	C:\WINDOWS\SYSTEM32\windows.storage.dll
0x00007ffa4deb0000 - 0x00007ffa4e228000 	C:\WINDOWS\System32\combase.dll
0x00007ffa49cc0000 - 0x00007ffa49e26000 	C:\WINDOWS\SYSTEM32\wintypes.dll
0x00007ffa4e2c0000 - 0x00007ffa4e3aa000 	C:\WINDOWS\System32\SHCORE.dll
0x00007ffa4d8f0000 - 0x00007ffa4d94d000 	C:\WINDOWS\System32\shlwapi.dll
0x00007ffa4bfd0000 - 0x00007ffa4bff1000 	C:\WINDOWS\SYSTEM32\profapi.dll
0x00007ffa33900000 - 0x00007ffa33919000 	C:\Program Files\Java\jdk-17.0.2\bin\net.dll
0x00007ffa47330000 - 0x00007ffa4743c000 	C:\WINDOWS\SYSTEM32\WINHTTP.dll
0x00007ffa4b5d0000 - 0x00007ffa4b637000 	C:\WINDOWS\system32\mswsock.dll
0x00007ffa338c0000 - 0x00007ffa338d6000 	C:\Program Files\Java\jdk-17.0.2\bin\nio.dll
0x00007ffa32ea0000 - 0x00007ffa32eb8000 	C:\Program Files\Java\jdk-17.0.2\bin\zip.dll
0x00007ffa46240000 - 0x00007ffa46250000 	C:\Program Files\Java\jdk-17.0.2\bin\verify.dll
0x00007ffa45360000 - 0x00007ffa45369000 	C:\Program Files\Java\jdk-17.0.2\bin\management.dll
0x00007ffa43030000 - 0x00007ffa4303b000 	C:\Program Files\Java\jdk-17.0.2\bin\management_ext.dll
0x00007ffa48830000 - 0x00007ffa48847000 	C:\WINDOWS\system32\napinsp.dll
0x00007ffa48810000 - 0x00007ffa4882b000 	C:\WINDOWS\system32\pnrpnsp.dll
0x00007ffa4ad40000 - 0x00007ffa4ae27000 	C:\WINDOWS\SYSTEM32\DNSAPI.dll
0x00007ffa4acd0000 - 0x00007ffa4acfd000 	C:\WINDOWS\SYSTEM32\IPHLPAPI.DLL
0x00007ffa4d960000 - 0x00007ffa4d969000 	C:\WINDOWS\System32\NSI.dll
0x00007ffa487f0000 - 0x00007ffa48802000 	C:\WINDOWS\System32\winrnr.dll
0x00007ffa487d0000 - 0x00007ffa487e5000 	C:\WINDOWS\system32\wshbth.dll
0x00007ffa487b0000 - 0x00007ffa487cf000 	C:\WINDOWS\system32\nlansp_c.dll
0x00007ffa42180000 - 0x00007ffa4218a000 	C:\Windows\System32\rasadhlp.dll
0x00007ffa45430000 - 0x00007ffa454b1000 	C:\WINDOWS\System32\fwpuclnt.dll

dbghelp: loaded successfully - version: 4.0.5 - missing functions: none
symbol engine: initialized successfully - sym options: 0x614 - pdb path: .;C:\Program Files\Java\jdk-17.0.2\bin;C:\WINDOWS\SYSTEM32;C:\WINDOWS\WinSxS\amd64_microsoft.windows.common-controls_6595b64144ccf1df_6.0.22000.120_none_9d947278b86cc467;C:\Program Files\Java\jdk-17.0.2\bin\server

VM Arguments:
jvm_args: -Dfile.encoding=UTF-8 -XX:+ShowCodeDetailsInExceptionMessages 
java_command: com.iPrimed.VoizFonica.VoizFonicaApplication
java_class_path (initial): E:\Iprimed\Project\VoizFonica\target\classes;C:\Users\Omar\.m2\repository\org\springframework\security\spring-security-crypto\5.6.2\spring-security-crypto-5.6.2.jar;C:\Users\Omar\.m2\repository\org\springframework\boot\spring-boot-starter-data-jdbc\2.6.4\spring-boot-starter-data-jdbc-2.6.4.jar;C:\Users\Omar\.m2\repository\org\springframework\boot\spring-boot-starter-jdbc\2.6.4\spring-boot-starter-jdbc-2.6.4.jar;C:\Users\Omar\.m2\repository\com\zaxxer\HikariCP\4.0.3\HikariCP-4.0.3.jar;C:\Users\Omar\.m2\repository\org\springframework\spring-jdbc\5.3.16\spring-jdbc-5.3.16.jar;C:\Users\Omar\.m2\repository\org\springframework\data\spring-data-jdbc\2.3.2\spring-data-jdbc-2.3.2.jar;C:\Users\Omar\.m2\repository\org\springframework\data\spring-data-relational\2.3.2\spring-data-relational-2.3.2.jar;C:\Users\Omar\.m2\repository\org\springframework\data\spring-data-commons\2.6.2\spring-data-commons-2.6.2.jar;C:\Users\Omar\.m2\repository\org\springframework\spring-tx\5.3.16\spring-tx-5.3.16.jar;C:\Users\Omar\.m2\repository\org\springframework\spring-context\5.3.16\spring-context-5.3.16.jar;C:\Users\Omar\.m2\repository\org\springframework\spring-beans\5.3.16\spring-beans-5.3.16.jar;C:\Users\Omar\.m2\repository\org\slf4j\slf4j-api\1.7.36\slf4j-api-1.7.36.jar;C:\Users\Omar\.m2\repository\org\springframework\boot\spring-boot-starter-data-jpa\2.6.4\spring-boot-starter-data-jpa-2.6.4.jar;C:\Users\Omar\.m2\repository\org\springframework\boot\spring-boot-starter-aop\2.6.4\spring-boot-starter-aop-2.6.4.jar;C:\Users\Omar\.m2\repository\org\springframework\spring-aop\5.3.16\spring-aop-5.3.16.jar;C:\Users\Omar\.m2\repository\org\aspectj\aspectjweaver\1.9.7\aspectjweaver-1.9.7.jar;C:\Users\Omar\.m2\repository\jakarta\transaction\jakarta.transaction-api\1.3.3\jakarta.transaction-api-1.3.3.jar;C:\Users\Omar\.m2\repository\jakarta\persistence\jakarta.persistence-api\2.2.3\jakarta.persistence-api-2.2.3.jar;C:\Users\Omar\.m2\repository\org\hibernate\hibernate-core\5.6
Launcher Type: SUN_STANDARD

[Global flags]
     intx CICompilerCount                          = 4                                         {product} {ergonomic}
     uint ConcGCThreads                            = 2                                         {product} {ergonomic}
     uint G1ConcRefinementThreads                  = 8                                         {product} {ergonomic}
   size_t G1HeapRegionSize                         = 1048576                                   {product} {ergonomic}
    uintx GCDrainStackTargetSize                   = 64                                        {product} {ergonomic}
   size_t InitialHeapSize                          = 134217728                                 {product} {ergonomic}
   size_t MarkStackSize                            = 4194304                                   {product} {ergonomic}
   size_t MaxHeapSize                              = 2124414976                                {product} {ergonomic}
   size_t MaxNewSize                               = 1274019840                                {product} {ergonomic}
   size_t MinHeapDeltaBytes                        = 1048576                                   {product} {ergonomic}
   size_t MinHeapSize                              = 8388608                                   {product} {ergonomic}
    uintx NonNMethodCodeHeapSize                   = 5839372                                {pd product} {ergonomic}
    uintx NonProfiledCodeHeapSize                  = 122909434                              {pd product} {ergonomic}
    uintx ProfiledCodeHeapSize                     = 122909434                              {pd product} {ergonomic}
    uintx ReservedCodeCacheSize                    = 251658240                              {pd product} {ergonomic}
     bool SegmentedCodeCache                       = true                                      {product} {ergonomic}
     bool ShowCodeDetailsInExceptionMessages       = true                                   {manageable} {command line}
   size_t SoftMaxHeapSize                          = 2124414976                             {manageable} {ergonomic}
     bool UseCompressedClassPointers               = true                           {product lp64_product} {ergonomic}
     bool UseCompressedOops                        = true                           {product lp64_product} {ergonomic}
     bool UseG1GC                                  = true                                      {product} {ergonomic}
     bool UseLargePagesIndividualAllocation        = false                                  {pd product} {ergonomic}

Logging:
Log output configuration:
 #0: stdout all=warning uptime,level,tags
 #1: stderr all=off uptime,level,tags

Environment Variables:
PATH=C:/Users/Omar/.p2/pool/plugins/org.eclipse.justj.openjdk.hotspot.jre.full.win32.x86_64_16.0.2.v20210721-1149/jre/bin/server;C:/Users/Omar/.p2/pool/plugins/org.eclipse.justj.openjdk.hotspot.jre.full.win32.x86_64_16.0.2.v20210721-1149/jre/bin;C:\Program Files\Common Files\Oracle\Java\javapath;C:\Program Files (x86)\Common Files\Oracle\Java\javapath;C:\oracle\product\10.2.0\db_4\bin;C:\Program Files (x86)\Common Files\Oracle\Java\javapath;C:\Program Files (x86)\NVIDIA Corporation\PhysX\Common;C:\Program Files (x86)\Intel\Intel(R) Management Engine Components\iCLS\;C:\Program Files\Intel\Intel(R) Management Engine Components\iCLS\;C:\WINDOWS\system32;C:\WINDOWS;C:\WINDOWS\System32\Wbem;C:\WINDOWS\System32\WindowsPowerShell\v1.0\;C:\WINDOWS\System32\WindowsPowerShell\v1.0\;C:\Program Files (x86)\Intel\Intel(R) Management Engine Components\DAL;C:\Program Files\Intel\Intel(R) Management Engine Components\DAL;C:\Program Files (x86)\Intel\Intel(R) Management Engine Components\IPT;C:\Program Files\Intel\Intel(R) Management Engine Components\IPT;C:\Program Files\Microsoft SQL Server\Client SDK\ODBC\110\Tools\Binn\;C:\Program Files (x86)\Microsoft SQL Server\120\Tools\Binn\;C:\Program Files\Microsoft SQL Server\120\Tools\Binn\;C:\Program Files\Microsoft SQL Server\120\DTS\Binn\;C:\Program Files (x86)\Windows Kits\8.1\Windows Performance Toolkit\;C:\Program Files (x86)\IVI Foundation\VISA\WinNT\Bin\;C:\Program Files\IVI Foundation\VISA\Win64\Bin\;C:\Program Files (x86)\IVI Foundation\VISA\WinNT\Bin;%JAVA_HOME%;C:\Program Files\Java\jre1.8.0_291\bin;;%JAVA_HOME%;C:\Program Files\Java\jre1.8.0_291\bin;C:\WINDOWS\system32;C:\WINDOWS;C:\WINDOWS\System32\Wbem;C:\WINDOWS\System32\WindowsPowerShell\v1.0\;C:\WINDOWS\System32\OpenSSH\;C:\Program Files\Git\cmd;C:\Program Files\MySQL\MySQL Shell 8.0\bin\;C:\Users\Omar\AppData\Local\Microsoft\WindowsApps;C:\Users\Omar\AppData\Local\atom\bin;C:\Users\Omar\AppData\Local\Microsoft\WindowsApps;C:\Users\Omar\Desktop;
USERNAME=Omar
OS=Windows_NT
PROCESSOR_IDENTIFIER=Intel64 Family 6 Model 142 Stepping 10, GenuineIntel



---------------  S Y S T E M  ---------------

OS:
 Windows 11 , 64 bit Build 22000 (10.0.22000.434)
OS uptime: 0 days 2:16 hours

CPU: total 8 (initial active 8) (4 cores per cpu, 2 threads per core) family 6 model 142 stepping 10 microcode 0xe0, cx8, cmov, fxsr, ht, mmx, 3dnowpref, sse, sse2, sse3, ssse3, sse4.1, sse4.2, popcnt, lzcnt, tsc, tscinvbit, avx, avx2, aes, erms, clmul, bmi1, bmi2, adx, fma, vzeroupper, clflush, clflushopt

Memory: 4k page, system-wide physical 8101M (1008M free)
TotalPageFile size 8101M (AvailPageFile size 12M)
current process WorkingSet (physical memory assigned to process): 116M, peak: 116M
current process commit charge ("private bytes"): 253M, peak: 253M

vm_info: Java HotSpot(TM) 64-Bit Server VM (17.0.2+8-LTS-86) for windows-amd64 JRE (17.0.2+8-LTS-86), built on Dec  7 2021 21:51:03 by "mach5one" with MS VC++ 16.8 / 16.9 (VS2019)

END.
