#
# There is insufficient memory for the Java Runtime Environment to continue.
# Native memory allocation (mmap) failed to map 29360128 bytes for G1 virtual space
# Possible reasons:
#   The system is out of physical RAM or swap space
#   The process is running with CompressedOops enabled, and the Java Heap may be blocking the growth of the native heap
# Possible solutions:
#   Reduce memory load on the system
#   Increase physical memory or swap space
#   Check if swap backing store is full
#   Decrease Java heap size (-Xmx/-Xms)
#   Decrease number of Java threads
#   Decrease Java thread stack sizes (-Xss)
#   Set larger code cache with -XX:ReservedCodeCacheSize=
#   JVM is running with Unscaled Compressed Oops mode in which the Java heap is
#     placed in the first 4GB address space. The Java Heap base address is the
#     maximum limit for the native heap growth. Please use -XX:HeapBaseMinAddress
#     to set the Java Heap base and to place the Java Heap above 4GB virtual address.
# This output file may be truncated or incomplete.
#
#  Out of Memory Error (os_windows.cpp:3532), pid=2272, tid=11212
#
# JRE version: Java(TM) SE Runtime Environment (17.0.2+8) (build 17.0.2+8-LTS-86)
# Java VM: Java HotSpot(TM) 64-Bit Server VM (17.0.2+8-LTS-86, mixed mode, sharing, tiered, compressed oops, compressed class ptrs, g1 gc, windows-amd64)
# No core dump will be written. Minidumps are not enabled by default on client versions of Windows
#

---------------  S U M M A R Y ------------

Command Line: -Dfile.encoding=UTF-8 -XX:+ShowCodeDetailsInExceptionMessages com.iPrimed.VoizFonica.VoizFonicaApplication

Host: Intel(R) Core(TM) i5-8250U CPU @ 1.60GHz, 8 cores, 7G,  Windows 11 , 64 bit Build 22000 (10.0.22000.434)
Time: Tue Mar 29 17:26:36 2022 India Standard Time elapsed time: 13.040637 seconds (0d 0h 0m 13s)

---------------  T H R E A D  ---------------

Current thread (0x0000015674050760):  VMThread "VM Thread" [stack: 0x00000009fa800000,0x00000009fa900000] [id=11212]

Stack: [0x00000009fa800000,0x00000009fa900000]
Native frames: (J=compiled Java code, j=interpreted, Vv=VM code, C=native code)
V  [jvm.dll+0x670baa]
V  [jvm.dll+0x7cfcb4]
V  [jvm.dll+0x7d145e]
V  [jvm.dll+0x7d1ac3]
V  [jvm.dll+0x242bc5]
V  [jvm.dll+0x66dac9]
V  [jvm.dll+0x662412]
V  [jvm.dll+0x300c0b]
V  [jvm.dll+0x3081a6]
V  [jvm.dll+0x357d0e]
V  [jvm.dll+0x357f3f]
V  [jvm.dll+0x2d7ec8]
V  [jvm.dll+0x2d6194]
V  [jvm.dll+0x2d579c]
V  [jvm.dll+0x3190eb]
V  [jvm.dll+0x7d5f9b]
V  [jvm.dll+0x7d6cd4]
V  [jvm.dll+0x7d71ec]
V  [jvm.dll+0x7d75c4]
V  [jvm.dll+0x7d7690]
V  [jvm.dll+0x77ff7a]
V  [jvm.dll+0x66fa35]
C  [ucrtbase.dll+0x26c0c]
C  [KERNEL32.DLL+0x154e0]
C  [ntdll.dll+0x485b]

VM_Operation (0x00000009fc6f6b40): G1CollectForAllocation, mode: safepoint, requested by thread 0x00000156797583d0


---------------  P R O C E S S  ---------------

Threads class SMR info:
_java_thread_list=0x0000015679286e20, length=29, elements={
0x0000015674053b80, 0x00000156740549f0, 0x000001567406a4a0, 0x000001567406ae50,
0x000001567406b800, 0x000001567406de40, 0x0000015674079ff0, 0x000001567407be00,
0x0000015674086fd0, 0x0000015674cbd880, 0x0000015674cd0240, 0x00000156792447b0,
0x0000015679245c50, 0x0000015679246120, 0x00000156793a7860, 0x0000015678063050,
0x00000156797583d0, 0x0000015679757090, 0x000001567975a0b0, 0x00000156797588a0,
0x000001567975aa50, 0x0000015679758d70, 0x0000015679757560, 0x0000015679759240,
0x0000015679759be0, 0x000001567975a580, 0x0000015679757a30, 0x0000015679757f00,
0x000001567bd78f30
}

Java Threads: ( => current thread )
  0x0000015674053b80 JavaThread "Reference Handler" daemon [_thread_blocked, id=6932, stack(0x00000009fa900000,0x00000009faa00000)]
  0x00000156740549f0 JavaThread "Finalizer" daemon [_thread_blocked, id=9628, stack(0x00000009faa00000,0x00000009fab00000)]
  0x000001567406a4a0 JavaThread "Signal Dispatcher" daemon [_thread_blocked, id=296, stack(0x00000009fab00000,0x00000009fac00000)]
  0x000001567406ae50 JavaThread "Attach Listener" daemon [_thread_blocked, id=11452, stack(0x00000009fac00000,0x00000009fad00000)]
  0x000001567406b800 JavaThread "Service Thread" daemon [_thread_blocked, id=1824, stack(0x00000009fad00000,0x00000009fae00000)]
  0x000001567406de40 JavaThread "Monitor Deflation Thread" daemon [_thread_blocked, id=2104, stack(0x00000009fae00000,0x00000009faf00000)]
  0x0000015674079ff0 JavaThread "C2 CompilerThread0" daemon [_thread_blocked, id=4064, stack(0x00000009faf00000,0x00000009fb000000)]
  0x000001567407be00 JavaThread "C1 CompilerThread0" daemon [_thread_blocked, id=7396, stack(0x00000009fb000000,0x00000009fb100000)]
  0x0000015674086fd0 JavaThread "Sweeper thread" daemon [_thread_blocked, id=10236, stack(0x00000009fb100000,0x00000009fb200000)]
  0x0000015674cbd880 JavaThread "Notification Thread" daemon [_thread_blocked, id=6284, stack(0x00000009fb200000,0x00000009fb300000)]
  0x0000015674cd0240 JavaThread "Common-Cleaner" daemon [_thread_blocked, id=10020, stack(0x00000009fb400000,0x00000009fb500000)]
  0x00000156792447b0 JavaThread "Catalina-utility-1" [_thread_blocked, id=10284, stack(0x00000009fbf00000,0x00000009fc000000)]
  0x0000015679245c50 JavaThread "Catalina-utility-2" [_thread_blocked, id=1648, stack(0x00000009fc000000,0x00000009fc100000)]
  0x0000015679246120 JavaThread "container-0" [_thread_blocked, id=9012, stack(0x00000009fc100000,0x00000009fc200000)]
  0x00000156793a7860 JavaThread "mysql-cj-abandoned-connection-cleanup" daemon [_thread_blocked, id=2820, stack(0x00000009fc200000,0x00000009fc300000)]
  0x0000015678063050 JavaThread "HikariPool-1 housekeeper" daemon [_thread_blocked, id=10828, stack(0x00000009fc400000,0x00000009fc500000)]
  0x00000156797583d0 JavaThread "http-nio-8080-exec-1" daemon [_thread_blocked, id=6860, stack(0x00000009fc600000,0x00000009fc700000)]
  0x0000015679757090 JavaThread "http-nio-8080-exec-2" daemon [_thread_blocked, id=6480, stack(0x00000009fc700000,0x00000009fc800000)]
  0x000001567975a0b0 JavaThread "http-nio-8080-exec-3" daemon [_thread_blocked, id=10252, stack(0x00000009fc800000,0x00000009fc900000)]
  0x00000156797588a0 JavaThread "http-nio-8080-exec-4" daemon [_thread_blocked, id=7392, stack(0x00000009fc900000,0x00000009fca00000)]
  0x000001567975aa50 JavaThread "http-nio-8080-exec-5" daemon [_thread_blocked, id=7700, stack(0x00000009fca00000,0x00000009fcb00000)]
  0x0000015679758d70 JavaThread "http-nio-8080-exec-6" daemon [_thread_blocked, id=2196, stack(0x00000009fcb00000,0x00000009fcc00000)]
  0x0000015679757560 JavaThread "http-nio-8080-exec-7" daemon [_thread_blocked, id=5760, stack(0x00000009fcc00000,0x00000009fcd00000)]
  0x0000015679759240 JavaThread "http-nio-8080-exec-8" daemon [_thread_blocked, id=3668, stack(0x00000009fcd00000,0x00000009fce00000)]
  0x0000015679759be0 JavaThread "http-nio-8080-exec-9" daemon [_thread_blocked, id=5488, stack(0x00000009fce00000,0x00000009fcf00000)]
  0x000001567975a580 JavaThread "http-nio-8080-exec-10" daemon [_thread_blocked, id=2796, stack(0x00000009fcf00000,0x00000009fd000000)]
  0x0000015679757a30 JavaThread "http-nio-8080-Poller" daemon [_thread_in_native, id=4764, stack(0x00000009fd000000,0x00000009fd100000)]
  0x0000015679757f00 JavaThread "http-nio-8080-Acceptor" daemon [_thread_in_native, id=6740, stack(0x00000009fd100000,0x00000009fd200000)]
  0x000001567bd78f30 JavaThread "DestroyJavaVM" [_thread_blocked, id=6548, stack(0x00000009fa200000,0x00000009fa300000)]

Other Threads:
=>0x0000015674050760 VMThread "VM Thread" [stack: 0x00000009fa800000,0x00000009fa900000] [id=11212]
  0x0000015674cc45b0 WatcherThread [stack: 0x00000009fb300000,0x00000009fb400000] [id=8716]
  0x000001565402bb60 GCTaskThread "GC Thread#0" [stack: 0x00000009fa300000,0x00000009fa400000] [id=10892]
  0x000001567573a5e0 GCTaskThread "GC Thread#1" [stack: 0x00000009fb600000,0x00000009fb700000] [id=11088]
  0x000001567573a890 GCTaskThread "GC Thread#2" [stack: 0x00000009fb700000,0x00000009fb800000] [id=4896]
  0x0000015675c291d0 GCTaskThread "GC Thread#3" [stack: 0x00000009fb800000,0x00000009fb900000] [id=7992]
  0x00000156755aa930 GCTaskThread "GC Thread#4" [stack: 0x00000009fb900000,0x00000009fba00000] [id=9532]
  0x0000015675418a40 GCTaskThread "GC Thread#5" [stack: 0x00000009fba00000,0x00000009fbb00000] [id=6816]
  0x0000015675e3b070 GCTaskThread "GC Thread#6" [stack: 0x00000009fbb00000,0x00000009fbc00000] [id=860]
  0x00000156763ed820 GCTaskThread "GC Thread#7" [stack: 0x00000009fbe00000,0x00000009fbf00000] [id=7624]
  0x000001565403cf80 ConcurrentGCThread "G1 Main Marker" [stack: 0x00000009fa400000,0x00000009fa500000] [id=2844]
  0x000001565403e9a0 ConcurrentGCThread "G1 Conc#0" [stack: 0x00000009fa500000,0x00000009fa600000] [id=2800]
  0x000001567600dce0 ConcurrentGCThread "G1 Conc#1" [stack: 0x00000009fbd00000,0x00000009fbe00000] [id=7360]
  0x00000156540a6650 ConcurrentGCThread "G1 Refine#0" [stack: 0x00000009fa600000,0x00000009fa700000] [id=12220]
  0x0000015675e3b320 ConcurrentGCThread "G1 Refine#1" [stack: 0x00000009fbc00000,0x00000009fbd00000] [id=2236]
  0x00000156540a7070 ConcurrentGCThread "G1 Service" [stack: 0x00000009fa700000,0x00000009fa800000] [id=12088]

Threads with active compile tasks:

VM state: at safepoint (normal execution)

VM Mutex/Monitor currently owned by a thread:  ([mutex/lock_event])
[0x0000015653fe81a0] Threads_lock - owner thread: 0x0000015674050760
[0x0000015653fe8860] Heap_lock - owner thread: 0x00000156797583d0

Heap address: 0x0000000081600000, size: 2026 MB, Compressed Oops mode: 32-bit

CDS archive(s) mapped at: [0x0000000800000000-0x0000000800bc0000-0x0000000800bc0000), size 12320768, SharedBaseAddress: 0x0000000800000000, ArchiveRelocationMode: 0.
Compressed class space mapped at: 0x0000000800c00000-0x0000000840c00000, reserved size: 1073741824
Narrow klass base: 0x0000000800000000, Narrow klass shift: 0, Narrow klass range: 0x100000000

GC Precious Log:
 CPUs: 8 total, 8 available
 Memory: 8101M
 Large Page Support: Disabled
 NUMA Support: Disabled
 Compressed Oops: Enabled (32-bit)
 Heap Region Size: 1M
 Heap Min Capacity: 8M
 Heap Initial Capacity: 128M
 Heap Max Capacity: 2026M
 Pre-touch: Disabled
 Parallel Workers: 8
 Concurrent Workers: 2
 Concurrent Refinement Workers: 8
 Periodic GC: Disabled

Heap:
 garbage-first heap   total 73728K, used 29393K [0x0000000081600000, 0x0000000100000000)
  region size 1024K, 4 young (4096K), 4 survivors (4096K)
 Metaspace       used 65902K, committed 66304K, reserved 1114112K
  class space    used 8339K, committed 8512K, reserved 1048576K

Heap Regions: E=young(eden), S=young(survivor), O=old, HS=humongous(starts), HC=humongous(continues), CS=collection set, F=free, OA=open archive, CA=closed archive, TAMS=top-at-mark-start (previous, next)
|   0|0x0000000081600000, 0x0000000081700000, 0x0000000081700000|100%|HS|  |TAMS 0x0000000081700000, 0x0000000081600000| Complete 
|   1|0x0000000081700000, 0x0000000081800000, 0x0000000081800000|100%| O|  |TAMS 0x0000000081800000, 0x0000000081700000| Untracked 
|   2|0x0000000081800000, 0x0000000081900000, 0x0000000081900000|100%| O|  |TAMS 0x0000000081900000, 0x0000000081800000| Untracked 
|   3|0x0000000081900000, 0x0000000081a00000, 0x0000000081a00000|100%| O|  |TAMS 0x0000000081a00000, 0x0000000081900000| Untracked 
|   4|0x0000000081a00000, 0x0000000081b00000, 0x0000000081b00000|100%| O|  |TAMS 0x0000000081b00000, 0x0000000081a00000| Untracked 
|   5|0x0000000081b00000, 0x0000000081c00000, 0x0000000081c00000|100%| O|  |TAMS 0x0000000081c00000, 0x0000000081b00000| Untracked 
|   6|0x0000000081c00000, 0x0000000081d00000, 0x0000000081d00000|100%| O|  |TAMS 0x0000000081d00000, 0x0000000081c00000| Untracked 
|   7|0x0000000081d00000, 0x0000000081e00000, 0x0000000081e00000|100%| O|  |TAMS 0x0000000081e00000, 0x0000000081d00000| Untracked 
|   8|0x0000000081e00000, 0x0000000081f00000, 0x0000000081f00000|100%| O|  |TAMS 0x0000000081f00000, 0x0000000081e00000| Untracked 
|   9|0x0000000081f00000, 0x0000000082000000, 0x0000000082000000|100%| O|  |TAMS 0x0000000082000000, 0x0000000081f00000| Untracked 
|  10|0x0000000082000000, 0x0000000082100000, 0x0000000082100000|100%| O|  |TAMS 0x0000000082100000, 0x0000000082000000| Untracked 
|  11|0x0000000082100000, 0x0000000082200000, 0x0000000082200000|100%| O|  |TAMS 0x0000000082200000, 0x0000000082100000| Untracked 
|  12|0x0000000082200000, 0x0000000082300000, 0x0000000082300000|100%| O|  |TAMS 0x0000000082300000, 0x0000000082200000| Untracked 
|  13|0x0000000082300000, 0x0000000082400000, 0x0000000082400000|100%| O|  |TAMS 0x0000000082400000, 0x0000000082300000| Untracked 
|  14|0x0000000082400000, 0x0000000082500000, 0x0000000082500000|100%| O|  |TAMS 0x0000000082500000, 0x0000000082400000| Untracked 
|  15|0x0000000082500000, 0x0000000082600000, 0x0000000082600000|100%| O|  |TAMS 0x0000000082600000, 0x0000000082500000| Untracked 
|  16|0x0000000082600000, 0x0000000082700000, 0x0000000082700000|100%| O|  |TAMS 0x0000000082700000, 0x0000000082600000| Untracked 
|  17|0x0000000082700000, 0x0000000082800000, 0x0000000082800000|100%| O|  |TAMS 0x0000000082800000, 0x0000000082700000| Untracked 
|  18|0x0000000082800000, 0x0000000082900000, 0x0000000082900000|100%| O|  |TAMS 0x0000000082900000, 0x0000000082800000| Untracked 
|  19|0x0000000082900000, 0x0000000082a00000, 0x0000000082a00000|100%| O|  |TAMS 0x0000000082a00000, 0x0000000082900000| Untracked 
|  20|0x0000000082a00000, 0x0000000082b00000, 0x0000000082b00000|100%| O|  |TAMS 0x0000000082b00000, 0x0000000082a00000| Untracked 
|  21|0x0000000082b00000, 0x0000000082c00000, 0x0000000082c00000|100%| O|  |TAMS 0x0000000082c00000, 0x0000000082b00000| Untracked 
|  22|0x0000000082c00000, 0x0000000082d00000, 0x0000000082d00000|100%| O|  |TAMS 0x0000000082c2d800, 0x0000000082c00000| Untracked 
|  23|0x0000000082d00000, 0x0000000082e00000, 0x0000000082e00000|100%| O|  |TAMS 0x0000000082d00000, 0x0000000082d00000| Untracked 
|  24|0x0000000082e00000, 0x0000000082f00000, 0x0000000082f00000|100%| O|  |TAMS 0x0000000082e00000, 0x0000000082e00000| Untracked 
|  25|0x0000000082f00000, 0x0000000082f22e00, 0x0000000083000000| 13%| O|  |TAMS 0x0000000082f00000, 0x0000000082f00000| Untracked 
|  26|0x0000000083000000, 0x0000000083000000, 0x0000000083100000|  0%| F|  |TAMS 0x0000000083000000, 0x0000000083000000| Untracked 
|  27|0x0000000083100000, 0x0000000083100000, 0x0000000083200000|  0%| F|  |TAMS 0x0000000083100000, 0x0000000083100000| Untracked 
|  28|0x0000000083200000, 0x0000000083200000, 0x0000000083300000|  0%| F|  |TAMS 0x0000000083200000, 0x0000000083200000| Untracked 
|  29|0x0000000083300000, 0x0000000083300000, 0x0000000083400000|  0%| F|  |TAMS 0x0000000083300000, 0x0000000083300000| Untracked 
|  30|0x0000000083400000, 0x0000000083400000, 0x0000000083500000|  0%| F|  |TAMS 0x0000000083400000, 0x0000000083400000| Untracked 
|  31|0x0000000083500000, 0x0000000083500000, 0x0000000083600000|  0%| F|  |TAMS 0x0000000083500000, 0x0000000083500000| Untracked 
|  32|0x0000000083600000, 0x0000000083600000, 0x0000000083700000|  0%| F|  |TAMS 0x0000000083600000, 0x0000000083600000| Untracked 
|  33|0x0000000083700000, 0x0000000083700000, 0x0000000083800000|  0%| F|  |TAMS 0x0000000083700000, 0x0000000083700000| Untracked 
|  34|0x0000000083800000, 0x0000000083891940, 0x0000000083900000| 56%| S|CS|TAMS 0x0000000083800000, 0x0000000083800000| Complete 
|  35|0x0000000083900000, 0x0000000083a00000, 0x0000000083a00000|100%| S|CS|TAMS 0x0000000083900000, 0x0000000083900000| Complete 
|  36|0x0000000083a00000, 0x0000000083b00000, 0x0000000083b00000|100%| S|CS|TAMS 0x0000000083a00000, 0x0000000083a00000| Complete 
|  37|0x0000000083b00000, 0x0000000083c00000, 0x0000000083c00000|100%| S|CS|TAMS 0x0000000083b00000, 0x0000000083b00000| Complete 
|  38|0x0000000083c00000, 0x0000000083c00000, 0x0000000083d00000|  0%| F|  |TAMS 0x0000000083c00000, 0x0000000083c00000| Untracked 
|  39|0x0000000083d00000, 0x0000000083d00000, 0x0000000083e00000|  0%| F|  |TAMS 0x0000000083d00000, 0x0000000083d00000| Untracked 
|  40|0x0000000083e00000, 0x0000000083e00000, 0x0000000083f00000|  0%| F|  |TAMS 0x0000000083e00000, 0x0000000083e00000| Untracked 
|  41|0x0000000083f00000, 0x0000000083f00000, 0x0000000084000000|  0%| F|  |TAMS 0x0000000083f00000, 0x0000000083f00000| Untracked 
|  42|0x0000000084000000, 0x0000000084000000, 0x0000000084100000|  0%| F|  |TAMS 0x0000000084000000, 0x0000000084000000| Untracked 
|  43|0x0000000084100000, 0x0000000084100000, 0x0000000084200000|  0%| F|  |TAMS 0x0000000084100000, 0x0000000084100000| Untracked 
|  44|0x0000000084200000, 0x0000000084200000, 0x0000000084300000|  0%| F|  |TAMS 0x0000000084200000, 0x0000000084200000| Untracked 
|  45|0x0000000084300000, 0x0000000084300000, 0x0000000084400000|  0%| F|  |TAMS 0x0000000084300000, 0x0000000084300000| Untracked 
|  46|0x0000000084400000, 0x0000000084400000, 0x0000000084500000|  0%| F|  |TAMS 0x0000000084400000, 0x0000000084400000| Untracked 
|  47|0x0000000084500000, 0x0000000084500000, 0x0000000084600000|  0%| F|  |TAMS 0x0000000084500000, 0x0000000084500000| Untracked 
|  48|0x0000000084600000, 0x0000000084600000, 0x0000000084700000|  0%| F|  |TAMS 0x0000000084600000, 0x0000000084600000| Untracked 
|  49|0x0000000084700000, 0x0000000084700000, 0x0000000084800000|  0%| F|  |TAMS 0x0000000084700000, 0x0000000084700000| Untracked 
|  50|0x0000000084800000, 0x0000000084800000, 0x0000000084900000|  0%| F|  |TAMS 0x0000000084800000, 0x0000000084800000| Untracked 
|  51|0x0000000084900000, 0x0000000084900000, 0x0000000084a00000|  0%| F|  |TAMS 0x0000000084900000, 0x0000000084900000| Untracked 
|  52|0x0000000084a00000, 0x0000000084a00000, 0x0000000084b00000|  0%| F|  |TAMS 0x0000000084a00000, 0x0000000084a00000| Untracked 
|  53|0x0000000084b00000, 0x0000000084b00000, 0x0000000084c00000|  0%| F|  |TAMS 0x0000000084b00000, 0x0000000084b00000| Untracked 
|  54|0x0000000084c00000, 0x0000000084c00000, 0x0000000084d00000|  0%| F|  |TAMS 0x0000000084c00000, 0x0000000084c00000| Untracked 
|  55|0x0000000084d00000, 0x0000000084d00000, 0x0000000084e00000|  0%| F|  |TAMS 0x0000000084d00000, 0x0000000084d00000| Untracked 
|  56|0x0000000084e00000, 0x0000000084e00000, 0x0000000084f00000|  0%| F|  |TAMS 0x0000000084e00000, 0x0000000084e00000| Untracked 
|  57|0x0000000084f00000, 0x0000000084f00000, 0x0000000085000000|  0%| F|  |TAMS 0x0000000084f00000, 0x0000000084f00000| Untracked 
|  58|0x0000000085000000, 0x0000000085000000, 0x0000000085100000|  0%| F|  |TAMS 0x0000000085000000, 0x0000000085000000| Untracked 
|  59|0x0000000085100000, 0x0000000085100000, 0x0000000085200000|  0%| F|  |TAMS 0x0000000085100000, 0x0000000085100000| Untracked 
|  60|0x0000000085200000, 0x0000000085200000, 0x0000000085300000|  0%| F|  |TAMS 0x0000000085200000, 0x0000000085200000| Untracked 
|  61|0x0000000085300000, 0x0000000085300000, 0x0000000085400000|  0%| F|  |TAMS 0x0000000085300000, 0x0000000085300000| Untracked 
|  62|0x0000000085400000, 0x0000000085400000, 0x0000000085500000|  0%| F|  |TAMS 0x0000000085400000, 0x0000000085400000| Untracked 
|  63|0x0000000085500000, 0x0000000085500000, 0x0000000085600000|  0%| F|  |TAMS 0x0000000085500000, 0x0000000085500000| Untracked 
|  64|0x0000000085600000, 0x0000000085600000, 0x0000000085700000|  0%| F|  |TAMS 0x0000000085600000, 0x0000000085600000| Untracked 
|  65|0x0000000085700000, 0x0000000085700000, 0x0000000085800000|  0%| F|  |TAMS 0x0000000085700000, 0x0000000085700000| Untracked 
|  66|0x0000000085800000, 0x0000000085800000, 0x0000000085900000|  0%| F|  |TAMS 0x0000000085800000, 0x0000000085800000| Untracked 
|  67|0x0000000085900000, 0x0000000085900000, 0x0000000085a00000|  0%| F|  |TAMS 0x0000000085900000, 0x0000000085900000| Untracked 
|  68|0x0000000085a00000, 0x0000000085a00000, 0x0000000085b00000|  0%| F|  |TAMS 0x0000000085a00000, 0x0000000085a00000| Untracked 
|  69|0x0000000085b00000, 0x0000000085b00000, 0x0000000085c00000|  0%| F|  |TAMS 0x0000000085b00000, 0x0000000085b00000| Untracked 
|  70|0x0000000085c00000, 0x0000000085c00000, 0x0000000085d00000|  0%| F|  |TAMS 0x0000000085c00000, 0x0000000085c00000| Untracked 
| 127|0x0000000089500000, 0x0000000089500000, 0x0000000089600000|  0%| F|  |TAMS 0x0000000089500000, 0x0000000089500000| Untracked 

Card table byte_map: [0x000001566ce70000,0x000001566d270000] _byte_map_base: 0x000001566ca65000

Marking Bits (Prev, Next): (CMBitMap*) 0x000001565402c1b0, (CMBitMap*) 0x000001565402c170
 Prev Bits: [0x000001566f620000, 0x00000156715c8000)
 Next Bits: [0x000001566d670000, 0x000001566f618000)

Polling page: 0x00000156540b0000

Metaspace:

Usage:
  Non-class:     56.21 MB used.
      Class:      8.14 MB used.
       Both:     64.36 MB used.

Virtual space:
  Non-class space:       64.00 MB reserved,      56.44 MB ( 88%) committed,  8 nodes.
      Class space:        1.00 GB reserved,       8.31 MB ( <1%) committed,  1 nodes.
             Both:        1.06 GB reserved,      64.75 MB (  6%) committed. 

Chunk freelists:
   Non-Class:  3.47 MB
       Class:  3.70 MB
        Both:  7.17 MB

MaxMetaspaceSize: unlimited
CompressedClassSpaceSize: 1.00 GB
Initial GC threshold: 21.00 MB
Current GC threshold: 99.00 MB
CDS: on
MetaspaceReclaimPolicy: balanced
 - commit_granule_bytes: 65536.
 - commit_granule_words: 8192.
 - virtual_space_node_default_size: 1048576.
 - enlarge_chunks_in_place: 1.
 - new_chunks_are_fully_committed: 0.
 - uncommit_free_chunks: 1.
 - use_allocation_guard: 0.
 - handle_deallocations: 1.


Internal statistics:

num_allocs_failed_limit: 9.
num_arena_births: 536.
num_arena_deaths: 0.
num_vsnodes_births: 9.
num_vsnodes_deaths: 0.
num_space_committed: 1036.
num_space_uncommitted: 0.
num_chunks_returned_to_freelist: 9.
num_chunks_taken_from_freelist: 2818.
num_chunk_merges: 9.
num_chunk_splits: 2005.
num_chunks_enlarged: 1557.
num_purges: 0.
num_inconsistent_stats: 0.

CodeHeap 'non-profiled nmethods': size=120000Kb used=2869Kb max_used=3094Kb free=117130Kb
 bounds [0x0000015664ae0000, 0x0000015664e10000, 0x000001566c010000]
CodeHeap 'profiled nmethods': size=120000Kb used=11323Kb max_used=12092Kb free=108676Kb
 bounds [0x000001565d5b0000, 0x000001565e1c0000, 0x0000015664ae0000]
CodeHeap 'non-nmethods': size=5760Kb used=1339Kb max_used=1412Kb free=4420Kb
 bounds [0x000001565d010000, 0x000001565d280000, 0x000001565d5b0000]
 total_blobs=6207 nmethods=5539 adapters=578
 compilation: enabled
              stopped_count=0, restarted_count=0
 full_count=0

Compilation events (20 events):
Event: 12.711 Thread 0x000001567407be00 6418       3       org.eclipse.jdt.internal.compiler.flow.UnconditionalFlowInfo::unconditionalInits (2 bytes)
Event: 12.711 Thread 0x000001567407be00 nmethod 6418 0x000001565d71ea90 code [0x000001565d71ec20, 0x000001565d71ed38]
Event: 12.711 Thread 0x000001567407be00 6419       3       org.eclipse.jdt.internal.compiler.flow.FlowInfo::<init> (5 bytes)
Event: 12.711 Thread 0x000001567407be00 nmethod 6419 0x000001565d71e510 code [0x000001565d71e6a0, 0x000001565d71e7f8]
Event: 12.711 Thread 0x000001567407be00 6420       3       org.eclipse.jdt.internal.compiler.flow.UnconditionalFlowInfo::<init> (5 bytes)
Event: 12.711 Thread 0x000001567407be00 nmethod 6420 0x000001565dc3e090 code [0x000001565dc3e240, 0x000001565dc3e3f8]
Event: 12.711 Thread 0x000001567407be00 6421       3       org.eclipse.jdt.internal.compiler.flow.UnconditionalFlowInfo::copy (307 bytes)
Event: 12.712 Thread 0x000001567407be00 nmethod 6421 0x000001565d5faf90 code [0x000001565d5fb280, 0x000001565d5fcc48]
Event: 12.712 Thread 0x000001567407be00 6422       3       org.eclipse.jdt.internal.compiler.flow.UnconditionalFlowInfo::mergedWith (2405 bytes)
Event: 12.714 Thread 0x000001567407be00 nmethod 6422 0x000001565d61d810 code [0x000001565d61dcc0, 0x000001565d621368]
Event: 12.714 Thread 0x000001567407be00 6423       3       org.eclipse.jdt.internal.compiler.flow.UnconditionalFlowInfo::isDefinitelyUnknown (164 bytes)
Event: 12.714 Thread 0x000001567407be00 nmethod 6423 0x000001565dc3d690 code [0x000001565dc3d880, 0x000001565dc3de18]
Event: 12.714 Thread 0x000001567407be00 6426       3       org.eclipse.jdt.internal.compiler.flow.UnconditionalFlowInfo::isDefinitelyNull (180 bytes)
Event: 12.714 Thread 0x000001567407be00 nmethod 6426 0x000001565d990910 code [0x000001565d990b00, 0x000001565d991138]
Event: 12.714 Thread 0x000001567407be00 6427       3       org.eclipse.jdt.internal.compiler.flow.UnconditionalFlowInfo::isPotentiallyNull (157 bytes)
Event: 12.715 Thread 0x000001567407be00 nmethod 6427 0x000001565d98ff10 code [0x000001565d990100, 0x000001565d990678]
Event: 12.715 Thread 0x000001567407be00 6425       3       org.eclipse.jdt.internal.compiler.flow.FlowContext::recordUsingNullReference (591 bytes)
Event: 12.716 Thread 0x000001567407be00 nmethod 6425 0x000001565d6ca410 code [0x000001565d6ca980, 0x000001565d6cd418]
Event: 12.716 Thread 0x000001567407be00 6424       3       org.eclipse.jdt.internal.compiler.flow.UnconditionalFlowInfo::unconditionalCopy (8 bytes)
Event: 12.716 Thread 0x000001567407be00 nmethod 6424 0x000001565dc3d090 code [0x000001565dc3d240, 0x000001565dc3d488]

GC Heap History (20 events):
Event: 2.754 GC heap after
{Heap after GC invocations=6 (full 0):
 garbage-first heap   total 48128K, used 15280K [0x0000000081600000, 0x0000000100000000)
  region size 1024K, 1 young (1024K), 1 survivors (1024K)
 Metaspace       used 26845K, committed 27200K, reserved 1073152K
  class space    used 3402K, committed 3584K, reserved 1048576K
}
Event: 3.398 GC heap before
{Heap before GC invocations=6 (full 0):
 garbage-first heap   total 48128K, used 33712K [0x0000000081600000, 0x0000000100000000)
  region size 1024K, 19 young (19456K), 1 survivors (1024K)
 Metaspace       used 29256K, committed 29632K, reserved 1081344K
  class space    used 3640K, committed 3840K, reserved 1048576K
}
Event: 3.406 GC heap after
{Heap after GC invocations=7 (full 0):
 garbage-first heap   total 48128K, used 15940K [0x0000000081600000, 0x0000000100000000)
  region size 1024K, 2 young (2048K), 2 survivors (2048K)
 Metaspace       used 29256K, committed 29632K, reserved 1081344K
  class space    used 3640K, committed 3840K, reserved 1048576K
}
Event: 4.057 GC heap before
{Heap before GC invocations=7 (full 0):
 garbage-first heap   total 48128K, used 34372K [0x0000000081600000, 0x0000000100000000)
  region size 1024K, 20 young (20480K), 2 survivors (2048K)
 Metaspace       used 32655K, committed 32960K, reserved 1081344K
  class space    used 4136K, committed 4288K, reserved 1048576K
}
Event: 4.063 GC heap after
{Heap after GC invocations=8 (full 0):
 garbage-first heap   total 83968K, used 17097K [0x0000000081600000, 0x0000000100000000)
  region size 1024K, 3 young (3072K), 3 survivors (3072K)
 Metaspace       used 32655K, committed 32960K, reserved 1081344K
  class space    used 4136K, committed 4288K, reserved 1048576K
}
Event: 4.440 GC heap before
{Heap before GC invocations=8 (full 0):
 garbage-first heap   total 83968K, used 27337K [0x0000000081600000, 0x0000000100000000)
  region size 1024K, 14 young (14336K), 3 survivors (3072K)
 Metaspace       used 35674K, committed 35968K, reserved 1081344K
  class space    used 4647K, committed 4800K, reserved 1048576K
}
Event: 4.446 GC heap after
{Heap after GC invocations=9 (full 0):
 garbage-first heap   total 83968K, used 17838K [0x0000000081600000, 0x0000000100000000)
  region size 1024K, 4 young (4096K), 4 survivors (4096K)
 Metaspace       used 35674K, committed 35968K, reserved 1081344K
  class space    used 4647K, committed 4800K, reserved 1048576K
}
Event: 5.964 GC heap before
{Heap before GC invocations=10 (full 0):
 garbage-first heap   total 68608K, used 54702K [0x0000000081600000, 0x0000000100000000)
  region size 1024K, 40 young (40960K), 4 survivors (4096K)
 Metaspace       used 45978K, committed 46336K, reserved 1089536K
  class space    used 5926K, committed 6080K, reserved 1048576K
}
Event: 5.973 GC heap after
{Heap after GC invocations=11 (full 0):
 garbage-first heap   total 68608K, used 21050K [0x0000000081600000, 0x0000000100000000)
  region size 1024K, 5 young (5120K), 5 survivors (5120K)
 Metaspace       used 45978K, committed 46336K, reserved 1089536K
  class space    used 5926K, committed 6080K, reserved 1048576K
}
Event: 6.012 GC heap before
{Heap before GC invocations=11 (full 0):
 garbage-first heap   total 68608K, used 21050K [0x0000000081600000, 0x0000000100000000)
  region size 1024K, 6 young (6144K), 5 survivors (5120K)
 Metaspace       used 46201K, committed 46592K, reserved 1089536K
  class space    used 5950K, committed 6144K, reserved 1048576K
}
Event: 6.019 GC heap after
{Heap after GC invocations=12 (full 0):
 garbage-first heap   total 68608K, used 21836K [0x0000000081600000, 0x0000000100000000)
  region size 1024K, 1 young (1024K), 1 survivors (1024K)
 Metaspace       used 46201K, committed 46592K, reserved 1089536K
  class space    used 5950K, committed 6144K, reserved 1048576K
}
Event: 7.252 GC heap before
{Heap before GC invocations=12 (full 0):
 garbage-first heap   total 68608K, used 51532K [0x0000000081600000, 0x0000000100000000)
  region size 1024K, 30 young (30720K), 1 survivors (1024K)
 Metaspace       used 52704K, committed 53056K, reserved 1097728K
  class space    used 6897K, committed 7040K, reserved 1048576K
}
Event: 7.257 GC heap after
{Heap after GC invocations=13 (full 0):
 garbage-first heap   total 68608K, used 22825K [0x0000000081600000, 0x0000000100000000)
  region size 1024K, 2 young (2048K), 2 survivors (2048K)
 Metaspace       used 52704K, committed 53056K, reserved 1097728K
  class space    used 6897K, committed 7040K, reserved 1048576K
}
Event: 7.771 GC heap before
{Heap before GC invocations=13 (full 0):
 garbage-first heap   total 68608K, used 52521K [0x0000000081600000, 0x0000000100000000)
  region size 1024K, 31 young (31744K), 2 survivors (2048K)
 Metaspace       used 54487K, committed 54848K, reserved 1097728K
  class space    used 7162K, committed 7296K, reserved 1048576K
}
Event: 7.776 GC heap after
{Heap after GC invocations=14 (full 0):
 garbage-first heap   total 68608K, used 23974K [0x0000000081600000, 0x0000000100000000)
  region size 1024K, 3 young (3072K), 3 survivors (3072K)
 Metaspace       used 54487K, committed 54848K, reserved 1097728K
  class space    used 7162K, committed 7296K, reserved 1048576K
}
Event: 8.462 GC heap before
{Heap before GC invocations=14 (full 0):
 garbage-first heap   total 68608K, used 53670K [0x0000000081600000, 0x0000000100000000)
  region size 1024K, 32 young (32768K), 3 survivors (3072K)
 Metaspace       used 56487K, committed 56896K, reserved 1105920K
  class space    used 7422K, committed 7616K, reserved 1048576K
}
Event: 8.469 GC heap after
{Heap after GC invocations=15 (full 0):
 garbage-first heap   total 68608K, used 25971K [0x0000000081600000, 0x0000000100000000)
  region size 1024K, 4 young (4096K), 4 survivors (4096K)
 Metaspace       used 56487K, committed 56896K, reserved 1105920K
  class space    used 7422K, committed 7616K, reserved 1048576K
}
Event: 12.318 GC heap before
{Heap before GC invocations=15 (full 0):
 garbage-first heap   total 68608K, used 46451K [0x0000000081600000, 0x0000000100000000)
  region size 1024K, 25 young (25600K), 4 survivors (4096K)
 Metaspace       used 60087K, committed 60480K, reserved 1105920K
  class space    used 7871K, committed 8064K, reserved 1048576K
}
Event: 12.323 GC heap after
{Heap after GC invocations=16 (full 0):
 garbage-first heap   total 68608K, used 27815K [0x0000000081600000, 0x0000000100000000)
  region size 1024K, 4 young (4096K), 4 survivors (4096K)
 Metaspace       used 60087K, committed 60480K, reserved 1105920K
  class space    used 7871K, committed 8064K, reserved 1048576K
}
Event: 12.716 GC heap before
{Heap before GC invocations=17 (full 0):
 garbage-first heap   total 68608K, used 52391K [0x0000000081600000, 0x0000000100000000)
  region size 1024K, 29 young (29696K), 4 survivors (4096K)
 Metaspace       used 65902K, committed 66304K, reserved 1114112K
  class space    used 8339K, committed 8512K, reserved 1048576K
}

Deoptimization events (20 events):
Event: 12.640 Thread 0x00000156797583d0 Uncommon trap: trap_request=0xffffff45 fr.pc=0x0000015664bc3374 relative=0x0000000000001674
Event: 12.640 Thread 0x00000156797583d0 Uncommon trap: reason=unstable_if action=reinterpret pc=0x0000015664bc3374 method=jdk.internal.jimage.ImageLocation.verifyName(Ljava/lang/String;Ljava/lang/String;IIIIIILjdk/internal/jimage/ImageStrings;)Z @ 27 c2
Event: 12.640 Thread 0x00000156797583d0 DEOPT PACKING pc=0x0000015664bc3374 sp=0x00000009fc6fb800
Event: 12.640 Thread 0x00000156797583d0 DEOPT UNPACKING pc=0x000001565d0623a3 sp=0x00000009fc6fb6d8 mode 2
Event: 12.645 Thread 0x00000156797583d0 Uncommon trap: trap_request=0xffffffcc fr.pc=0x0000015664b928d0 relative=0x00000000000002b0
Event: 12.645 Thread 0x00000156797583d0 Uncommon trap: reason=intrinsic_or_type_checked_inlining action=make_not_entrant pc=0x0000015664b928d0 method=java.util.ArrayList.toArray([Ljava/lang/Object;)[Ljava/lang/Object; @ 36 c2
Event: 12.645 Thread 0x00000156797583d0 DEOPT PACKING pc=0x0000015664b928d0 sp=0x00000009fc6fbaf0
Event: 12.645 Thread 0x00000156797583d0 DEOPT UNPACKING pc=0x000001565d0623a3 sp=0x00000009fc6fbaa0 mode 2
Event: 12.657 Thread 0x00000156797583d0 Uncommon trap: trap_request=0xffffff6e fr.pc=0x0000015664d1f0d4 relative=0x0000000000000434
Event: 12.657 Thread 0x00000156797583d0 Uncommon trap: reason=loop_limit_check action=maybe_recompile pc=0x0000015664d1f0d4 method=org.eclipse.jdt.internal.compiler.classfmt.ClassFileStruct.utf8At(II)[C @ 143 c2
Event: 12.657 Thread 0x00000156797583d0 DEOPT PACKING pc=0x0000015664d1f0d4 sp=0x00000009fc6fb990
Event: 12.657 Thread 0x00000156797583d0 DEOPT UNPACKING pc=0x000001565d0623a3 sp=0x00000009fc6fb928 mode 2
Event: 12.666 Thread 0x00000156797583d0 Uncommon trap: trap_request=0xffffff45 fr.pc=0x0000015664d47224 relative=0x0000000000000204
Event: 12.666 Thread 0x00000156797583d0 Uncommon trap: reason=unstable_if action=reinterpret pc=0x0000015664d47224 method=java.util.HashMap.getNode(Ljava/lang/Object;)Ljava/util/HashMap$Node; @ 66 c2
Event: 12.666 Thread 0x00000156797583d0 DEOPT PACKING pc=0x0000015664d47224 sp=0x00000009fc6fb650
Event: 12.666 Thread 0x00000156797583d0 DEOPT UNPACKING pc=0x000001565d0623a3 sp=0x00000009fc6fb560 mode 2
Event: 12.666 Thread 0x00000156797583d0 Uncommon trap: trap_request=0xffffff45 fr.pc=0x0000015664bdf354 relative=0x00000000000001b4
Event: 12.666 Thread 0x00000156797583d0 Uncommon trap: reason=unstable_if action=reinterpret pc=0x0000015664bdf354 method=java.util.HashMap.getNode(Ljava/lang/Object;)Ljava/util/HashMap$Node; @ 66 c2
Event: 12.666 Thread 0x00000156797583d0 DEOPT PACKING pc=0x0000015664bdf354 sp=0x00000009fc6fb610
Event: 12.666 Thread 0x00000156797583d0 DEOPT UNPACKING pc=0x000001565d0623a3 sp=0x00000009fc6fb590 mode 2

Classes unloaded (0 events):
No events

Classes redefined (0 events):
No events

Internal exceptions (20 events):
Event: 8.025 Thread 0x0000015653fec740 Exception <a 'java/lang/ClassNotFoundException'{0x000000008471fba0}: org/springframework/web/servlet/config/annotation/WebMvcConfigurationSupportCustomizer> (0x000000008471fba0) 
thrown [t:\workspace\open\src\hotspot\share\classfile\systemDictionary.cpp, line 256]
Event: 8.026 Thread 0x0000015653fec740 Exception <a 'java/lang/ClassNotFoundException'{0x0000000084732ea8}: org/springframework/web/servlet/config/annotation/DelegatingWebMvcConfigurationCustomizer> (0x0000000084732ea8) 
thrown [t:\workspace\open\src\hotspot\share\classfile\systemDictionary.cpp, line 256]
Event: 8.027 Thread 0x0000015653fec740 Exception <a 'java/lang/ClassNotFoundException'{0x000000008473b398}: org/springframework/boot/autoconfigure/web/servlet/WebMvcAutoConfiguration$EnableWebMvcConfigurationCustomizer> (0x000000008473b398) 
thrown [t:\workspace\open\src\hotspot\share\classfile\systemDictionary.cpp, line 256]
Event: 8.028 Thread 0x0000015653fec740 Exception <a 'java/lang/ClassNotFoundException'{0x000000008474dd48}: org/springframework/context/ResourceLoaderAwareCustomizer> (0x000000008474dd48) 
thrown [t:\workspace\open\src\hotspot\share\classfile\systemDictionary.cpp, line 256]
Event: 8.028 Thread 0x0000015653fec740 Exception <a 'java/lang/ClassNotFoundException'{0x0000000084751fa0}: org/springframework/beans/factory/AwareCustomizer> (0x0000000084751fa0) 
thrown [t:\workspace\open\src\hotspot\share\classfile\systemDictionary.cpp, line 256]
Event: 8.028 Thread 0x0000015653fec740 Exception <a 'java/lang/ClassNotFoundException'{0x0000000084755578}: org/springframework/context/ApplicationContextAwareCustomizer> (0x0000000084755578) 
thrown [t:\workspace\open\src\hotspot\share\classfile\systemDictionary.cpp, line 256]
Event: 8.029 Thread 0x0000015653fec740 Exception <a 'java/lang/ClassNotFoundException'{0x000000008475a2c0}: org/springframework/beans/factory/AwareCustomizer> (0x000000008475a2c0) 
thrown [t:\workspace\open\src\hotspot\share\classfile\systemDictionary.cpp, line 256]
Event: 8.029 Thread 0x0000015653fec740 Exception <a 'java/lang/ClassNotFoundException'{0x000000008475d870}: org/springframework/web/context/ServletContextAwareCustomizer> (0x000000008475d870) 
thrown [t:\workspace\open\src\hotspot\share\classfile\systemDictionary.cpp, line 256]
Event: 8.030 Thread 0x0000015653fec740 Exception <a 'java/lang/ClassNotFoundException'{0x0000000084761f00}: org/springframework/beans/factory/AwareCustomizer> (0x0000000084761f00) 
thrown [t:\workspace\open\src\hotspot\share\classfile\systemDictionary.cpp, line 256]
Event: 8.220 Thread 0x0000015653fec740 Exception <a 'java/lang/NoSuchMethodError'{0x00000000841e37e8}: 'void java.lang.invoke.DirectMethodHandle$Holder.invokeVirtual(java.lang.Object, java.lang.Object, int)'> (0x00000000841e37e8) 
thrown [t:\workspace\open\src\hotspot\share\interpreter\linkResolver.cpp, line 766]
Event: 8.224 Thread 0x0000015653fec740 Exception <a 'java/lang/NoSuchMethodError'{0x00000000841fe390}: 'void java.lang.invoke.DirectMethodHandle$Holder.invokeVirtual(java.lang.Object, java.lang.Object, long)'> (0x00000000841fe390) 
thrown [t:\workspace\open\src\hotspot\share\interpreter\linkResolver.cpp, line 766]
Event: 8.524 Thread 0x0000015653fec740 Exception <a 'java/lang/IncompatibleClassChangeError'{0x0000000085c3d8c8}: Found class java.lang.Object, but interface was expected> (0x0000000085c3d8c8) 
thrown [t:\workspace\open\src\hotspot\share\interpreter\linkResolver.cpp, line 833]
Event: 8.697 Thread 0x0000015653fec740 Exception <a 'java/lang/NoSuchMethodError'{0x0000000085154258}: 'java.lang.Object java.lang.invoke.DirectMethodHandle$Holder.invokeSpecial(java.lang.Object, java.lang.Object, java.lang.Object, java.lang.Object, int, int)'> (0x0000000085154258) 
thrown [t:\workspace\open\src\hotspot\share\interpreter\linkResolver.cpp, line 766]
Event: 8.710 Thread 0x0000015653fec740 Exception <a 'java/lang/IncompatibleClassChangeError'{0x00000000851a3a08}: Found class java.lang.Object, but interface was expected> (0x00000000851a3a08) 
thrown [t:\workspace\open\src\hotspot\share\interpreter\linkResolver.cpp, line 833]
Event: 8.758 Thread 0x0000015653fec740 Implicit null exception at 0x0000015664c08260 to 0x0000015664c084ac
Event: 8.830 Thread 0x0000015653fec740 Exception <a 'java/lang/NoSuchMethodError'{0x0000000084e8ff90}: 'java.lang.Object java.lang.invoke.DirectMethodHandle$Holder.invokeSpecial(java.lang.Object, java.lang.Object, int, java.lang.Object, int, java.lang.Object)'> (0x0000000084e8ff90) 
thrown [t:\workspace\open\src\hotspot\share\interpreter\linkResolver.cpp, line 766]
Event: 8.831 Thread 0x0000015653fec740 Exception <a 'java/lang/NoSuchMethodError'{0x0000000084e97d90}: 'java.lang.Object java.lang.invoke.DirectMethodHandle$Holder.newInvokeSpecial(java.lang.Object, java.lang.Object, int, java.lang.Object, int)'> (0x0000000084e97d90) 
thrown [t:\workspace\open\src\hotspot\share\interpreter\linkResolver.cpp, line 766]
Event: 8.832 Thread 0x0000015653fec740 Exception <a 'java/lang/NoSuchMethodError'{0x0000000084e9be90}: 'java.lang.Object java.lang.invoke.DirectMethodHandle$Holder.invokeSpecial(java.lang.Object, java.lang.Object, java.lang.Object, int, java.lang.Object, int)'> (0x0000000084e9be90) 
thrown [t:\workspace\open\src\hotspot\share\interpreter\linkResolver.cpp, line 766]
Event: 8.837 Thread 0x0000015653fec740 Exception <a 'java/lang/NoSuchMethodError'{0x0000000084ea5a10}: 'void java.lang.invoke.DirectMethodHandle$Holder.invokeVirtual(java.lang.Object, java.lang.Object)'> (0x0000000084ea5a10) 
thrown [t:\workspace\open\src\hotspot\share\interpreter\linkResolver.cpp, line 766]
Event: 12.570 Thread 0x00000156797583d0 Exception <a 'java/lang/ArrayIndexOutOfBoundsException'{0x00000000847adda0}: Index 23612 out of bounds for length 23612> (0x00000000847adda0) 
thrown [t:\workspace\open\src\hotspot\share\interpreter\interpreterRuntime.cpp, line 428]

VM Operations (20 events):
Event: 12.023 Executing VM operation: Cleanup done
Event: 12.043 Executing VM operation: HandshakeAllThreads
Event: 12.043 Executing VM operation: HandshakeAllThreads done
Event: 12.045 Executing VM operation: HandshakeAllThreads
Event: 12.045 Executing VM operation: HandshakeAllThreads done
Event: 12.308 Executing VM operation: HandshakeAllThreads
Event: 12.308 Executing VM operation: HandshakeAllThreads done
Event: 12.313 Executing VM operation: HandshakeAllThreads
Event: 12.313 Executing VM operation: HandshakeAllThreads done
Event: 12.318 Executing VM operation: CollectForMetadataAllocation
Event: 12.324 Executing VM operation: CollectForMetadataAllocation done
Event: 12.349 Executing VM operation: G1Concurrent
Event: 12.351 Executing VM operation: G1Concurrent done
Event: 12.361 Executing VM operation: HandshakeAllThreads
Event: 12.361 Executing VM operation: HandshakeAllThreads done
Event: 12.363 Executing VM operation: G1Concurrent
Event: 12.363 Executing VM operation: G1Concurrent done
Event: 12.624 Executing VM operation: HandshakeAllThreads
Event: 12.624 Executing VM operation: HandshakeAllThreads done
Event: 12.716 Executing VM operation: G1CollectForAllocation

Events (20 events):
Event: 12.400 loading class sun/util/ResourceBundleEnumeration
Event: 12.400 loading class sun/util/ResourceBundleEnumeration done
Event: 12.496 loading class java/io/FileWriter
Event: 12.496 loading class java/io/FileWriter done
Event: 12.565 loading class java/lang/NegativeArraySizeException
Event: 12.565 loading class java/lang/NegativeArraySizeException done
Event: 12.577 loading class java/net/URLClassLoader$2
Event: 12.577 loading class java/net/URLClassLoader$2 done
Event: 12.608 loading class sun/net/www/protocol/jrt/JavaRuntimeURLConnection
Event: 12.608 loading class sun/net/www/protocol/jrt/JavaRuntimeURLConnection done
Event: 12.608 loading class sun/net/www/protocol/jrt/JavaRuntimeURLConnection$1
Event: 12.608 loading class sun/net/www/protocol/jrt/JavaRuntimeURLConnection$1 done
Event: 12.609 loading class jdk/internal/jimage/ImageBufferCache
Event: 12.609 loading class jdk/internal/jimage/ImageBufferCache done
Event: 12.609 loading class jdk/internal/jimage/ImageBufferCache$1
Event: 12.609 loading class jdk/internal/jimage/ImageBufferCache$1 done
Event: 12.609 loading class jdk/internal/jimage/ImageBufferCache$2
Event: 12.609 loading class jdk/internal/jimage/ImageBufferCache$2 done
Event: 12.609 loading class java/util/AbstractMap$SimpleEntry
Event: 12.609 loading class java/util/AbstractMap$SimpleEntry done


Dynamic libraries:
0x00007ff613400000 - 0x00007ff613410000 	C:\Program Files\Java\jdk-17.0.2\bin\javaw.exe
0x00007ffd79660000 - 0x00007ffd79869000 	C:\WINDOWS\SYSTEM32\ntdll.dll
0x00007ffd77d20000 - 0x00007ffd77ddd000 	C:\WINDOWS\System32\KERNEL32.DLL
0x00007ffd76f90000 - 0x00007ffd77304000 	C:\WINDOWS\System32\KERNELBASE.dll
0x00007ffd735e0000 - 0x00007ffd73671000 	C:\WINDOWS\SYSTEM32\apphelp.dll
0x00007ffd77310000 - 0x00007ffd77421000 	C:\WINDOWS\System32\ucrtbase.dll
0x00007ffd5dec0000 - 0x00007ffd5deda000 	C:\Program Files\Java\jdk-17.0.2\bin\VCRUNTIME140.dll
0x00007ffd5e510000 - 0x00007ffd5e528000 	C:\Program Files\Java\jdk-17.0.2\bin\jli.dll
0x00007ffd77b70000 - 0x00007ffd77c1e000 	C:\WINDOWS\System32\ADVAPI32.dll
0x00007ffd78d50000 - 0x00007ffd78df3000 	C:\WINDOWS\System32\msvcrt.dll
0x00007ffd77e60000 - 0x00007ffd77efe000 	C:\WINDOWS\System32\sechost.dll
0x00007ffd77f00000 - 0x00007ffd78020000 	C:\WINDOWS\System32\RPCRT4.dll
0x00007ffd783a0000 - 0x00007ffd7854c000 	C:\WINDOWS\System32\USER32.dll
0x00007ffd76b20000 - 0x00007ffd76b46000 	C:\WINDOWS\System32\win32u.dll
0x00007ffd5c410000 - 0x00007ffd5c6b5000 	C:\WINDOWS\WinSxS\amd64_microsoft.windows.common-controls_6595b64144ccf1df_6.0.22000.120_none_9d947278b86cc467\COMCTL32.dll
0x00007ffd78a10000 - 0x00007ffd78a39000 	C:\WINDOWS\System32\GDI32.dll
0x00007ffd76c10000 - 0x00007ffd76d22000 	C:\WINDOWS\System32\gdi32full.dll
0x00007ffd77430000 - 0x00007ffd774cd000 	C:\WINDOWS\System32\msvcp_win.dll
0x00007ffd6ec70000 - 0x00007ffd6ec7a000 	C:\WINDOWS\SYSTEM32\VERSION.dll
0x00007ffd795b0000 - 0x00007ffd795e1000 	C:\WINDOWS\System32\IMM32.DLL
0x00007ffd73540000 - 0x00007ffd7354c000 	C:\Program Files\Java\jdk-17.0.2\bin\vcruntime140_1.dll
0x00007ffd476a0000 - 0x00007ffd4772d000 	C:\Program Files\Java\jdk-17.0.2\bin\msvcp140.dll
0x00007ffd30f10000 - 0x00007ffd31ad1000 	C:\Program Files\Java\jdk-17.0.2\bin\server\jvm.dll
0x00007ffd774d0000 - 0x00007ffd774d8000 	C:\WINDOWS\System32\PSAPI.DLL
0x00007ffd66870000 - 0x00007ffd66879000 	C:\WINDOWS\SYSTEM32\WSOCK32.dll
0x00007ffd78a40000 - 0x00007ffd78aaf000 	C:\WINDOWS\System32\WS2_32.dll
0x00007ffd70f70000 - 0x00007ffd70fa3000 	C:\WINDOWS\SYSTEM32\WINMM.dll
0x00007ffd75c20000 - 0x00007ffd75c38000 	C:\WINDOWS\SYSTEM32\kernel.appcore.dll
0x00007ffd734c0000 - 0x00007ffd734ca000 	C:\Program Files\Java\jdk-17.0.2\bin\jimage.dll
0x00007ffd747f0000 - 0x00007ffd74a11000 	C:\WINDOWS\SYSTEM32\DBGHELP.DLL
0x00007ffd5e670000 - 0x00007ffd5e6a1000 	C:\WINDOWS\SYSTEM32\dbgcore.DLL
0x00007ffd76da0000 - 0x00007ffd76e1f000 	C:\WINDOWS\System32\bcryptPrimitives.dll
0x00007ffd5aff0000 - 0x00007ffd5b015000 	C:\Program Files\Java\jdk-17.0.2\bin\java.dll
0x00007ffd398a0000 - 0x00007ffd39976000 	C:\Program Files\Java\jdk-17.0.2\bin\jsvml.dll
0x00007ffd78e00000 - 0x00007ffd795ae000 	C:\WINDOWS\System32\SHELL32.dll
0x00007ffd74ca0000 - 0x00007ffd75508000 	C:\WINDOWS\SYSTEM32\windows.storage.dll
0x00007ffd78560000 - 0x00007ffd788d8000 	C:\WINDOWS\System32\combase.dll
0x00007ffd74a20000 - 0x00007ffd74b86000 	C:\WINDOWS\SYSTEM32\wintypes.dll
0x00007ffd780a0000 - 0x00007ffd7818a000 	C:\WINDOWS\System32\SHCORE.dll
0x00007ffd77de0000 - 0x00007ffd77e3d000 	C:\WINDOWS\System32\shlwapi.dll
0x00007ffd76a50000 - 0x00007ffd76a71000 	C:\WINDOWS\SYSTEM32\profapi.dll
0x00007ffd5dd50000 - 0x00007ffd5dd69000 	C:\Program Files\Java\jdk-17.0.2\bin\net.dll
0x00007ffd71aa0000 - 0x00007ffd71bac000 	C:\WINDOWS\SYSTEM32\WINHTTP.dll
0x00007ffd76050000 - 0x00007ffd760b7000 	C:\WINDOWS\system32\mswsock.dll
0x00007ffd56280000 - 0x00007ffd56296000 	C:\Program Files\Java\jdk-17.0.2\bin\nio.dll
0x00007ffd55a30000 - 0x00007ffd55a48000 	C:\Program Files\Java\jdk-17.0.2\bin\zip.dll
0x00007ffd71d50000 - 0x00007ffd71d60000 	C:\Program Files\Java\jdk-17.0.2\bin\verify.dll
0x00007ffd706e0000 - 0x00007ffd706e9000 	C:\Program Files\Java\jdk-17.0.2\bin\management.dll
0x00007ffd6ad80000 - 0x00007ffd6ad8b000 	C:\Program Files\Java\jdk-17.0.2\bin\management_ext.dll
0x00007ffd73360000 - 0x00007ffd73377000 	C:\WINDOWS\system32\napinsp.dll
0x00007ffd72420000 - 0x00007ffd7243b000 	C:\WINDOWS\system32\pnrpnsp.dll
0x00007ffd75740000 - 0x00007ffd75827000 	C:\WINDOWS\SYSTEM32\DNSAPI.dll
0x00007ffd75660000 - 0x00007ffd7568d000 	C:\WINDOWS\SYSTEM32\IPHLPAPI.DLL
0x00007ffd781f0000 - 0x00007ffd781f9000 	C:\WINDOWS\System32\NSI.dll
0x00007ffd72400000 - 0x00007ffd72412000 	C:\WINDOWS\System32\winrnr.dll
0x00007ffd723e0000 - 0x00007ffd723f5000 	C:\WINDOWS\system32\wshbth.dll
0x00007ffd723c0000 - 0x00007ffd723df000 	C:\WINDOWS\system32\nlansp_c.dll
0x00007ffd6be90000 - 0x00007ffd6be9a000 	C:\Windows\System32\rasadhlp.dll
0x00007ffd6df30000 - 0x00007ffd6dfb1000 	C:\WINDOWS\System32\fwpuclnt.dll
0x00007ffd76290000 - 0x00007ffd762a8000 	C:\WINDOWS\SYSTEM32\CRYPTSP.dll
0x00007ffd75b80000 - 0x00007ffd75bb5000 	C:\WINDOWS\system32\rsaenh.dll
0x00007ffd76140000 - 0x00007ffd76169000 	C:\WINDOWS\SYSTEM32\USERENV.dll
0x00007ffd76410000 - 0x00007ffd76437000 	C:\WINDOWS\SYSTEM32\bcrypt.dll
0x00007ffd762b0000 - 0x00007ffd762bc000 	C:\WINDOWS\SYSTEM32\CRYPTBASE.dll
0x00007ffd70b80000 - 0x00007ffd70b99000 	C:\WINDOWS\SYSTEM32\dhcpcsvc6.DLL
0x00007ffd72200000 - 0x00007ffd7221e000 	C:\WINDOWS\SYSTEM32\dhcpcsvc.DLL
0x00007ffd67710000 - 0x00007ffd6771e000 	C:\Program Files\Java\jdk-17.0.2\bin\sunmscapi.dll
0x00007ffd76e20000 - 0x00007ffd76f82000 	C:\WINDOWS\System32\CRYPT32.dll
0x00007ffd763e0000 - 0x00007ffd76408000 	C:\WINDOWS\SYSTEM32\ncrypt.dll
0x00007ffd763a0000 - 0x00007ffd763d7000 	C:\WINDOWS\SYSTEM32\NTASN1.dll
0x00007ffd674a0000 - 0x00007ffd674a8000 	C:\WINDOWS\system32\wshunix.dll

dbghelp: loaded successfully - version: 4.0.5 - missing functions: none
symbol engine: initialized successfully - sym options: 0x614 - pdb path: .;C:\Program Files\Java\jdk-17.0.2\bin;C:\WINDOWS\SYSTEM32;C:\WINDOWS\WinSxS\amd64_microsoft.windows.common-controls_6595b64144ccf1df_6.0.22000.120_none_9d947278b86cc467;C:\Program Files\Java\jdk-17.0.2\bin\server

VM Arguments:
jvm_args: -Dfile.encoding=UTF-8 -XX:+ShowCodeDetailsInExceptionMessages 
java_command: com.iPrimed.VoizFonica.VoizFonicaApplication
java_class_path (initial): E:\Iprimed\Project\VoizFonica\target\classes;C:\Users\Omar\.m2\repository\org\springframework\security\spring-security-crypto\5.6.2\spring-security-crypto-5.6.2.jar;C:\Users\Omar\.m2\repository\org\springframework\boot\spring-boot-starter-data-jdbc\2.6.4\spring-boot-starter-data-jdbc-2.6.4.jar;C:\Users\Omar\.m2\repository\org\springframework\boot\spring-boot-starter-jdbc\2.6.4\spring-boot-starter-jdbc-2.6.4.jar;C:\Users\Omar\.m2\repository\com\zaxxer\HikariCP\4.0.3\HikariCP-4.0.3.jar;C:\Users\Omar\.m2\repository\org\springframework\spring-jdbc\5.3.16\spring-jdbc-5.3.16.jar;C:\Users\Omar\.m2\repository\org\springframework\data\spring-data-jdbc\2.3.2\spring-data-jdbc-2.3.2.jar;C:\Users\Omar\.m2\repository\org\springframework\data\spring-data-relational\2.3.2\spring-data-relational-2.3.2.jar;C:\Users\Omar\.m2\repository\org\springframework\data\spring-data-commons\2.6.2\spring-data-commons-2.6.2.jar;C:\Users\Omar\.m2\repository\org\springframework\spring-tx\5.3.16\spring-tx-5.3.16.jar;C:\Users\Omar\.m2\repository\org\springframework\spring-context\5.3.16\spring-context-5.3.16.jar;C:\Users\Omar\.m2\repository\org\springframework\spring-beans\5.3.16\spring-beans-5.3.16.jar;C:\Users\Omar\.m2\repository\org\slf4j\slf4j-api\1.7.36\slf4j-api-1.7.36.jar;C:\Users\Omar\.m2\repository\org\springframework\boot\spring-boot-starter-data-jpa\2.6.4\spring-boot-starter-data-jpa-2.6.4.jar;C:\Users\Omar\.m2\repository\org\springframework\boot\spring-boot-starter-aop\2.6.4\spring-boot-starter-aop-2.6.4.jar;C:\Users\Omar\.m2\repository\org\springframework\spring-aop\5.3.16\spring-aop-5.3.16.jar;C:\Users\Omar\.m2\repository\org\aspectj\aspectjweaver\1.9.7\aspectjweaver-1.9.7.jar;C:\Users\Omar\.m2\repository\jakarta\transaction\jakarta.transaction-api\1.3.3\jakarta.transaction-api-1.3.3.jar;C:\Users\Omar\.m2\repository\jakarta\persistence\jakarta.persistence-api\2.2.3\jakarta.persistence-api-2.2.3.jar;C:\Users\Omar\.m2\repository\org\hibernate\hibernate-core\5.6
Launcher Type: SUN_STANDARD

[Global flags]
     intx CICompilerCount                          = 4                                         {product} {ergonomic}
     uint ConcGCThreads                            = 2                                         {product} {ergonomic}
     uint G1ConcRefinementThreads                  = 8                                         {product} {ergonomic}
   size_t G1HeapRegionSize                         = 1048576                                   {product} {ergonomic}
    uintx GCDrainStackTargetSize                   = 64                                        {product} {ergonomic}
   size_t InitialHeapSize                          = 134217728                                 {product} {ergonomic}
   size_t MarkStackSize                            = 4194304                                   {product} {ergonomic}
   size_t MaxHeapSize                              = 2124414976                                {product} {ergonomic}
   size_t MaxNewSize                               = 1274019840                                {product} {ergonomic}
   size_t MinHeapDeltaBytes                        = 1048576                                   {product} {ergonomic}
   size_t MinHeapSize                              = 8388608                                   {product} {ergonomic}
    uintx NonNMethodCodeHeapSize                   = 5839372                                {pd product} {ergonomic}
    uintx NonProfiledCodeHeapSize                  = 122909434                              {pd product} {ergonomic}
    uintx ProfiledCodeHeapSize                     = 122909434                              {pd product} {ergonomic}
    uintx ReservedCodeCacheSize                    = 251658240                              {pd product} {ergonomic}
     bool SegmentedCodeCache                       = true                                      {product} {ergonomic}
     bool ShowCodeDetailsInExceptionMessages       = true                                   {manageable} {command line}
   size_t SoftMaxHeapSize                          = 2124414976                             {manageable} {ergonomic}
     bool UseCompressedClassPointers               = true                           {product lp64_product} {ergonomic}
     bool UseCompressedOops                        = true                           {product lp64_product} {ergonomic}
     bool UseG1GC                                  = true                                      {product} {ergonomic}
     bool UseLargePagesIndividualAllocation        = false                                  {pd product} {ergonomic}

Logging:
Log output configuration:
 #0: stdout all=warning uptime,level,tags
 #1: stderr all=off uptime,level,tags

Environment Variables:
PATH=C:/Users/Omar/.p2/pool/plugins/org.eclipse.justj.openjdk.hotspot.jre.full.win32.x86_64_16.0.2.v20210721-1149/jre/bin/server;C:/Users/Omar/.p2/pool/plugins/org.eclipse.justj.openjdk.hotspot.jre.full.win32.x86_64_16.0.2.v20210721-1149/jre/bin;C:\Program Files\Common Files\Oracle\Java\javapath;C:\Program Files (x86)\Common Files\Oracle\Java\javapath;C:\oracle\product\10.2.0\db_4\bin;C:\Program Files (x86)\Common Files\Oracle\Java\javapath;C:\Program Files (x86)\NVIDIA Corporation\PhysX\Common;C:\Program Files (x86)\Intel\Intel(R) Management Engine Components\iCLS\;C:\Program Files\Intel\Intel(R) Management Engine Components\iCLS\;C:\WINDOWS\system32;C:\WINDOWS;C:\WINDOWS\System32\Wbem;C:\WINDOWS\System32\WindowsPowerShell\v1.0\;C:\WINDOWS\System32\WindowsPowerShell\v1.0\;C:\Program Files (x86)\Intel\Intel(R) Management Engine Components\DAL;C:\Program Files\Intel\Intel(R) Management Engine Components\DAL;C:\Program Files (x86)\Intel\Intel(R) Management Engine Components\IPT;C:\Program Files\Intel\Intel(R) Management Engine Components\IPT;C:\Program Files\Microsoft SQL Server\Client SDK\ODBC\110\Tools\Binn\;C:\Program Files (x86)\Microsoft SQL Server\120\Tools\Binn\;C:\Program Files\Microsoft SQL Server\120\Tools\Binn\;C:\Program Files\Microsoft SQL Server\120\DTS\Binn\;C:\Program Files (x86)\Windows Kits\8.1\Windows Performance Toolkit\;C:\Program Files (x86)\IVI Foundation\VISA\WinNT\Bin\;C:\Program Files\IVI Foundation\VISA\Win64\Bin\;C:\Program Files (x86)\IVI Foundation\VISA\WinNT\Bin;%JAVA_HOME%;C:\Program Files\Java\jre1.8.0_291\bin;;%JAVA_HOME%;C:\Program Files\Java\jre1.8.0_291\bin;C:\WINDOWS\system32;C:\WINDOWS;C:\WINDOWS\System32\Wbem;C:\WINDOWS\System32\WindowsPowerShell\v1.0\;C:\WINDOWS\System32\OpenSSH\;C:\Program Files\Git\cmd;C:\Program Files\MySQL\MySQL Shell 8.0\bin\;C:\Users\Omar\AppData\Local\Microsoft\WindowsApps;C:\Users\Omar\AppData\Local\atom\bin;C:\Users\Omar\AppData\Local\Microsoft\WindowsApps;C:\Users\Omar\Desktop;
USERNAME=Omar
OS=Windows_NT
PROCESSOR_IDENTIFIER=Intel64 Family 6 Model 142 Stepping 10, GenuineIntel



---------------  S Y S T E M  ---------------

OS:
 Windows 11 , 64 bit Build 22000 (10.0.22000.434)
OS uptime: 0 days 8:39 hours

CPU: total 8 (initial active 8) (4 cores per cpu, 2 threads per core) family 6 model 142 stepping 10 microcode 0xe0, cx8, cmov, fxsr, ht, mmx, 3dnowpref, sse, sse2, sse3, ssse3, sse4.1, sse4.2, popcnt, lzcnt, tsc, tscinvbit, avx, avx2, aes, erms, clmul, bmi1, bmi2, adx, fma, vzeroupper, clflush, clflushopt

Memory: 4k page, system-wide physical 8101M (287M free)
TotalPageFile size 8101M (AvailPageFile size 9M)
current process WorkingSet (physical memory assigned to process): 233M, peak: 255M
current process commit charge ("private bytes"): 274M, peak: 302M

vm_info: Java HotSpot(TM) 64-Bit Server VM (17.0.2+8-LTS-86) for windows-amd64 JRE (17.0.2+8-LTS-86), built on Dec  7 2021 21:51:03 by "mach5one" with MS VC++ 16.8 / 16.9 (VS2019)

END.
